HEAD OF DATA:        filename  og_filename  label  record_duration  ...        signal  samples  qrs_count  seg_num
index  filename  og_filename  label  record_duration  ...        signal  samples  qrs_count  seg_num
0         a0001        a0001      1           35.666  ...  a0001_signal    71332         88        4
1         a0002        a0002      1          20.8285  ...  a0002_signal    41657         47        2
2         a0003        a0003      1            30.72  ...  a0003_signal    61440         62        3
3         a0004        a0004      1          35.5965  ...  a0004_signal    71193         85        4

[5 rows x 10 columns]
self.zipped_indexes: [('a0001', 0), ('a0002', 1), ('a0003', 2), ('a0004', 3), ('a0005', 4), ('a0006', 5), ('a0007', 6), ('a0008', 7), ('a0009', 8), ('a0010', 9), ('a0011', 10), ('a0012', 11), ('a0013', 12), ('a0014', 13), ('a0015', 14), ('a0016', 15), ('a0017', 16), ('a0018', 17), ('a0019', 18), ('a0020', 19), ('a0021', 20), ('a0022', 21), ('a0023', 22), ('a0024', 23), ('a0025', 24), ('a0026', 25), ('a0027', 26), ('a0028', 27), ('a0029', 28), ('a0030', 29), ('a0031', 30), ('a0032', 31), ('a0033', 32), ('a0034', 33), ('a0035', 34), ('a0036', 35), ('a0037', 36), ('a0038', 37), ('a0039', 38), ('a0040', 39), ('a0041', 40), ('a0042', 41), ('a0043', 42), ('a0044', 43), ('a0045', 44), ('a0046', 45), ('a0047', 46), ('a0048', 47), ('a0049', 48), ('a0050', 49), ('a0051', 50), ('a0052', 51), ('a0053', 52), ('a0054', 53), ('a0055', 54), ('a0056', 55), ('a0057', 56), ('a0058', 57), ('a0059', 58), ('a0060', 59), ('a0061', 60), ('a0062', 61), ('a0063', 62), ('a0064', 63), ('a0065', 64), ('a0066', 65), ('a0067', 66), ('a0068', 67), ('a0069', 68), ('a0070', 69), ('a0071', 70), ('a0072', 71), ('a0073', 72), ('a0074', 73), ('a0075', 74), ('a0076', 75), ('a0077', 76), ('a0078', 77), ('a0079', 78), ('a0080', 79), ('a0081', 80), ('a0082', 81), ('a0083', 82), ('a0084', 83), ('a0085', 84), ('a0086', 85), ('a0087', 86), ('a0088', 87), ('a0089', 88), ('a0090', 89), ('a0091', 90), ('a0092', 91), ('a0093', 92), ('a0094', 93), ('a0095', 94), ('a0096', 95), ('a0097', 96), ('a0098', 97), ('a0099', 98), ('a0100', 99), ('a0101', 100), ('a0102', 101), ('a0103', 102), ('a0104', 103), ('a0105', 104), ('a0106', 105), ('a0107', 106), ('a0108', 107), ('a0109', 108), ('a0110', 109), ('a0111', 110), ('a0112', 111), ('a0113', 112), ('a0114', 113), ('a0115', 114), ('a0116', 115), ('a0117', 116), ('a0118', 117), ('a0119', 118), ('a0120', 119), ('a0121', 120), ('a0122', 121), ('a0123', 122), ('a0124', 123), ('a0125', 124), ('a0126', 125), ('a0127', 126), ('a0128', 127), ('a0129', 128), ('a0130', 129), ('a0131', 130), ('a0132', 131), ('a0133', 132), ('a0134', 133), ('a0135', 134), ('a0136', 135), ('a0137', 136), ('a0138', 137), ('a0139', 138), ('a0140', 139), ('a0141', 140), ('a0142', 141), ('a0143', 142), ('a0144', 143), ('a0145', 144), ('a0146', 145), ('a0147', 146), ('a0148', 147), ('a0149', 148), ('a0150', 149), ('a0151', 150), ('a0152', 151), ('a0153', 152), ('a0154', 153), ('a0155', 154), ('a0156', 155), ('a0157', 156), ('a0158', 157), ('a0159', 158), ('a0160', 159), ('a0161', 160), ('a0162', 161), ('a0163', 162), ('a0164', 163), ('a0165', 164), ('a0166', 165), ('a0167', 166), ('a0168', 167), ('a0169', 168), ('a0170', 169), ('a0171', 170), ('a0172', 171), ('a0173', 172), ('a0174', 173), ('a0175', 174), ('a0176', 175), ('a0177', 176), ('a0178', 177), ('a0179', 178), ('a0180', 179), ('a0181', 180), ('a0182', 181), ('a0183', 182), ('a0184', 183), ('a0185', 184), ('a0186', 185), ('a0187', 186), ('a0188', 187), ('a0189', 188), ('a0190', 189), ('a0191', 190), ('a0192', 191), ('a0193', 192), ('a0194', 193), ('a0195', 194), ('a0196', 195), ('a0197', 196), ('a0198', 197), ('a0199', 198), ('a0200', 199), ('a0201', 200), ('a0202', 201), ('a0203', 202), ('a0204', 203), ('a0205', 204), ('a0206', 205), ('a0207', 206), ('a0208', 207), ('a0209', 208), ('a0210', 209), ('a0211', 210), ('a0212', 211), ('a0213', 212), ('a0214', 213), ('a0215', 214), ('a0216', 215), ('a0217', 216), ('a0218', 217), ('a0219', 218), ('a0220', 219), ('a0221', 220), ('a0222', 221), ('a0223', 222), ('a0224', 223), ('a0225', 224), ('a0226', 225), ('a0227', 226), ('a0228', 227), ('a0229', 228), ('a0230', 229), ('a0231', 230), ('a0232', 231), ('a0233', 232), ('a0234', 233), ('a0235', 234), ('a0236', 235), ('a0237', 236), ('a0238', 237), ('a0239', 238), ('a0240', 239), ('a0241', 240), ('a0242', 241), ('a0243', 242), ('a0244', 243), ('a0245', 244), ('a0246', 245), ('a0247', 246), ('a0248', 247), ('a0249', 248), ('a0250', 249), ('a0251', 250), ('a0252', 251), ('a0253', 252), ('a0254', 253), ('a0255', 254), ('a0256', 255), ('a0257', 256), ('a0258', 257), ('a0259', 258), ('a0260', 259), ('a0261', 260), ('a0262', 261), ('a0263', 262), ('a0264', 263), ('a0265', 264), ('a0266', 265), ('a0267', 266), ('a0268', 267), ('a0269', 268), ('a0270', 269), ('a0271', 270), ('a0272', 271), ('a0273', 272), ('a0274', 273), ('a0275', 274), ('a0276', 275), ('a0277', 276), ('a0278', 277), ('a0279', 278), ('a0280', 279), ('a0281', 280), ('a0282', 281), ('a0283', 282), ('a0284', 283), ('a0285', 284), ('a0286', 285), ('a0287', 286), ('a0288', 287), ('a0289', 288), ('a0290', 289), ('a0291', 290), ('a0292', 291), ('a0293', 292), ('a0294', 293), ('a0295', 294), ('a0296', 295), ('a0297', 296), ('a0298', 297), ('a0299', 298), ('a0300', 299), ('a0301', 300), ('a0302', 301), ('a0303', 302), ('a0304', 303), ('a0305', 304), ('a0306', 305), ('a0307', 306), ('a0308', 307), ('a0309', 308), ('a0310', 309), ('a0311', 310), ('a0312', 311), ('a0313', 312), ('a0314', 313), ('a0315', 314), ('a0316', 315), ('a0317', 316), ('a0318', 317), ('a0319', 318), ('a0320', 319), ('a0321', 320), ('a0322', 321), ('a0323', 322), ('a0324', 323), ('a0325', 324), ('a0326', 325), ('a0327', 326), ('a0328', 327), ('a0329', 328), ('a0330', 329), ('a0331', 330), ('a0332', 331), ('a0333', 332), ('a0334', 333), ('a0335', 334), ('a0336', 335), ('a0337', 336), ('a0338', 337), ('a0339', 338), ('a0340', 339), ('a0341', 340), ('a0342', 341), ('a0343', 342), ('a0344', 343), ('a0345', 344), ('a0346', 345), ('a0347', 346), ('a0348', 347), ('a0349', 348), ('a0350', 349), ('a0351', 350), ('a0352', 351), ('a0353', 352), ('a0354', 353), ('a0355', 354), ('a0356', 355), ('a0357', 356), ('a0358', 357), ('a0359', 358), ('a0360', 359), ('a0361', 360), ('a0362', 361), ('a0363', 362), ('a0364', 363), ('a0365', 364), ('a0366', 365), ('a0367', 366), ('a0368', 367), ('a0369', 368), ('a0370', 369), ('a0371', 370), ('a0372', 371), ('a0373', 372), ('a0374', 373), ('a0375', 374), ('a0376', 375), ('a0377', 376), ('a0378', 377), ('a0379', 378), ('a0380', 379), ('a0381', 380), ('a0382', 381), ('a0383', 382), ('a0384', 383), ('a0385', 384), ('a0386', 385), ('a0387', 386), ('a0388', 387), ('a0389', 388), ('a0390', 389), ('a0391', 390), ('a0392', 391), ('a0393', 392), ('a0394', 393), ('a0395', 394), ('a0396', 395), ('a0397', 396), ('a0398', 397), ('a0399', 398), ('a0400', 399), ('a0401', 400), ('a0402', 401), ('a0403', 402), ('a0404', 403), ('a0405', 404), ('a0406', 405), ('a0407', 406), ('a0408', 407), ('a0409', 408), ('b0000', 409), ('b0001', 410), ('b0002', 411), ('b0003', 412), ('b0004', 413), ('b0005', 414), ('b0006', 415), ('b0007', 416), ('b0008', 417), ('b0009', 418), ('b0010', 419), ('b0011', 420)]
HEAD OF DATA:   filename og_filename label record_duration num_channels        qrs_inds        signal samples qrs_count seg_num
0    a0001       a0001     1          35.666            1  a0001_qrs_inds  a0001_signal   71332        88       4
1    a0002       a0002     1         20.8285            1  a0002_qrs_inds  a0002_signal   41657        47       2
2    a0003       a0003     1           30.72            1  a0003_qrs_inds  a0003_signal   61440        62       3
3    a0004       a0004     1         35.5965            1  a0004_qrs_inds  a0004_signal   71193        85       4
4    a0005       a0005     1          35.666            1  a0005_qrs_inds  a0005_signal   71332        96       4
HEAD OF LABELS:   filename label
0    a0001     1
1    a0002     1
2    a0003     1
3    a0004     1
4    a0005     1
No. of samples in Training Data: 336, Test Data: 85
Warning: specified fps (24) is different from video fps (30); resampling to 24fps
Warning: specified fps (24) is different from video fps (30); resampling to 24fps
Warning: specified fps (24) is different from video fps (30); resampling to 24fps
Warning: specified fps (24) is different from video fps (30); resampling to 24fps
Warning: specified fps (24) is different from video fps (30); resampling to 24fps
Warning: specified fps (24) is different from video fps (30); resampling to 24fps
Warning: specified fps (24) is different from video fps (30); resampling to 24fps
Warning: specified fps (24) is different from video fps (30); resampling to 24fps
Warning: specified fps (24) is different from video fps (30); resampling to 24fps
Warning: specified fps (24) is different from video fps (30); resampling to 24fps
Warning: specified fps (24) is different from video fps (30); resampling to 24fps
Warning: specified fps (24) is different from video fps (30); resampling to 24fps
Warning: specified fps (24) is different from video fps (30); resampling to 24fps
Warning: specified fps (24) is different from video fps (30); resampling to 24fps
Warning: specified fps (24) is different from video fps (30); resampling to 24fps
Warning: specified fps (24) is different from video fps (30); resampling to 24fps
Warning: specified fps (24) is different from video fps (30); resampling to 24fps
Warning: specified fps (24) is different from video fps (30); resampling to 24fps
Warning: specified fps (24) is different from video fps (30); resampling to 24fps
Warning: specified fps (24) is different from video fps (30); resampling to 24fps
Warning: specified fps (24) is different from video fps (30); resampling to 24fps
Warning: specified fps (24) is different from video fps (30); resampling to 24fps
Warning: specified fps (24) is different from video fps (30); resampling to 24fps
Warning: specified fps (24) is different from video fps (30); resampling to 24fps
Warning: specified fps (24) is different from video fps (30); resampling to 24fps
Warning: specified fps (24) is different from video fps (30); resampling to 24fps
Warning: specified fps (24) is different from video fps (30); resampling to 24fps
Warning: specified fps (24) is different from video fps (30); resampling to 24fps
Warning: specified fps (24) is different from video fps (30); resampling to 24fps
Warning: specified fps (24) is different from video fps (30); resampling to 24fps
