Lmod has detected the following error: The following module(s) are unknown:
"module"

Please check the spelling or version number. Also try "module spider ..."
It is also possible your cache file is out-of-date; it may help to try:
  $ module --ignore_cache load "module"

Also make sure that all modulefiles written in TCL start with the string
#%Module



**** clean_data started: logging to "logs/log_e_cwt.log" ****

/mnt/storage/scratch/gg18045/.conda/envs/ecgpcg-381/lib/python3.8/site-packages/torchaudio/_internal/module_utils.py:99: UserWarning: Failed to import soundfile. 'soundfile' backend is not available.
  warnings.warn("Failed to import soundfile. 'soundfile' backend is not available.")
[4, 'b0005', 'ECGPCG0009', 0, 30.0, 5, 60000, 60000, 32, 3, 64.72776794433594]
Saving image: data-after-TEST/ephnogram/data_ecg_cwt/b0005/b0005_cwt_spec.npz
Saving image: data-after-TEST/ephnogram/data_ecg_cwt/b0005/0/b0005_seg_0_cwt_spec.npz
Saving image: data-after-TEST/ephnogram/data_ecg_cwt/b0005/1/b0005_seg_1_cwt_spec.npz
Saving image: data-after-TEST/ephnogram/data_ecg_cwt/b0005/2/b0005_seg_2_cwt_spec.npz
Saving image: data-after-TEST/ephnogram/data_pcg_cwt/b0005/b0005_cwt_spec.npz
Saving image: data-after-TEST/ephnogram/data_pcg_cwt/b0005/0/b0005_seg_0_cwt_spec.npz
Saving image: data-after-TEST/ephnogram/data_pcg_cwt/b0005/1/b0005_seg_1_cwt_spec.npz
Saving image: data-after-TEST/ephnogram/data_pcg_cwt/b0005/2/b0005_seg_2_cwt_spec.npz
[3, 'b0004', 'ECGPCG0008', 0, 30.0, 5, 60000, 60000, 37, 3, 73.53641510009766]
Saving image: data-after-TEST/ephnogram/data_ecg_cwt/b0004/b0004_cwt_spec.npz
Saving image: data-after-TEST/ephnogram/data_ecg_cwt/b0004/0/b0004_seg_0_cwt_spec.npz
Saving image: data-after-TEST/ephnogram/data_ecg_cwt/b0004/1/b0004_seg_1_cwt_spec.npz
Saving image: data-after-TEST/ephnogram/data_ecg_cwt/b0004/2/b0004_seg_2_cwt_spec.npz
Saving image: data-after-TEST/ephnogram/data_pcg_cwt/b0004/b0004_cwt_spec.npz
Saving image: data-after-TEST/ephnogram/data_pcg_cwt/b0004/0/b0004_seg_0_cwt_spec.npz
Saving image: data-after-TEST/ephnogram/data_pcg_cwt/b0004/1/b0004_seg_1_cwt_spec.npz
Saving image: data-after-TEST/ephnogram/data_pcg_cwt/b0004/2/b0004_seg_2_cwt_spec.npz
[1, 'b0002', 'ECGPCG0006', 0, 30.0, 5, 60000, 60000, 36, 3, 71.21443176269531]
Saving image: data-after-TEST/ephnogram/data_ecg_cwt/b0002/b0002_cwt_spec.npz
Saving image: data-after-TEST/ephnogram/data_ecg_cwt/b0002/0/b0002_seg_0_cwt_spec.npz
Saving image: data-after-TEST/ephnogram/data_ecg_cwt/b0002/1/b0002_seg_1_cwt_spec.npz
Saving image: data-after-TEST/ephnogram/data_ecg_cwt/b0002/2/b0002_seg_2_cwt_spec.npz
Saving image: data-after-TEST/ephnogram/data_pcg_cwt/b0002/b0002_cwt_spec.npz
Saving image: data-after-TEST/ephnogram/data_pcg_cwt/b0002/0/b0002_seg_0_cwt_spec.npz
Saving image: data-after-TEST/ephnogram/data_pcg_cwt/b0002/1/b0002_seg_1_cwt_spec.npz
Saving image: data-after-TEST/ephnogram/data_pcg_cwt/b0002/2/b0002_seg_2_cwt_spec.npz
[2, 'b0003', 'ECGPCG0007', 0, 30.0, 5, 60000, 60000, 38, 3, 75.03406524658203]
Saving image: data-after-TEST/ephnogram/data_ecg_cwt/b0003/b0003_cwt_spec.npz
Saving image: data-after-TEST/ephnogram/data_ecg_cwt/b0003/0/b0003_seg_0_cwt_spec.npz
Saving image: data-after-TEST/ephnogram/data_ecg_cwt/b0003/1/b0003_seg_1_cwt_spec.npz
Saving image: data-after-TEST/ephnogram/data_ecg_cwt/b0003/2/b0003_seg_2_cwt_spec.npz
Saving image: data-after-TEST/ephnogram/data_pcg_cwt/b0003/b0003_cwt_spec.npz
Saving image: data-after-TEST/ephnogram/data_pcg_cwt/b0003/0/b0003_seg_0_cwt_spec.npz
Saving image: data-after-TEST/ephnogram/data_pcg_cwt/b0003/1/b0003_seg_1_cwt_spec.npz
Saving image: data-after-TEST/ephnogram/data_pcg_cwt/b0003/2/b0003_seg_2_cwt_spec.npz
[0, 'b0001', 'ECGPCG0003', 0, 30.0, 2, 60000, 60000, 45, 3, 90.27033233642578]
Saving image: data-after-TEST/ephnogram/data_ecg_cwt/b0001/b0001_cwt_spec.npz
Saving image: data-after-TEST/ephnogram/data_ecg_cwt/b0001/0/b0001_seg_0_cwt_spec.npz
Saving image: data-after-TEST/ephnogram/data_ecg_cwt/b0001/1/b0001_seg_1_cwt_spec.npz
Saving image: data-after-TEST/ephnogram/data_ecg_cwt/b0001/2/b0001_seg_2_cwt_spec.npz
Saving image: data-after-TEST/ephnogram/data_pcg_cwt/b0001/b0001_cwt_spec.npz
Saving image: data-after-TEST/ephnogram/data_pcg_cwt/b0001/0/b0001_seg_0_cwt_spec.npz
Saving image: data-after-TEST/ephnogram/data_pcg_cwt/b0001/1/b0001_seg_1_cwt_spec.npz
Saving image: data-after-TEST/ephnogram/data_pcg_cwt/b0001/2/b0001_seg_2_cwt_spec.npz
[7, 'b0008', 'ECGPCG0013', 0, 1800.0, 2, 3600000, 3600000, 1823, 225, 61.32036590576172]
