[6356] Output Path: data-after-TEST
[6356] Input Path (Physionet) Data: data-before/physionet-data/training-a
[6356] Input Path (Physionet) Labels: data-before/physionet-data/training-a/REFERENCE.csv
[6356] Input Path (Ephnogram) Data: data-before/ephnogram-data/WFDB
[6356] Input Path (Ephnogram) Labels: data-before/ephnogram-data/ECGPCGSpreadsheet.csv
[6356] ****************MMTF-ECGPCGNet*****************
[6356] ***          ECGPCG Data Cleaning           ***
[6356] ***********************************************
[6356] *** OPTIONS:                               ***
[6356]         RAM usage: 80.0%
[6356]         Number of Processes: 8   [Available: 18]
[6356]         GPU Enabled: True  GPU ID: 0
[6356]         Google Drive Enabled (unprocessed dataset storage): False
[6356]  UNUSED Tensorflow Enabled: False
[6356] ***********************************************
[6356] Attempting to set RAM usage to 80.0%
[6356] Warning: Linux memory_limit function failed - trying Windows
[6356] *** Cleaning Data [2/3] ***
[6356] ** Cleaning Ephnogram Data **
[6356] * Cleaning Ephnogram Data - Creating References [1/5] *
[6356] READMEREF:                                                                                                                                                                                                                                                                                                                             Record Name  ...  Database Housekeeping
ECGPCG0001 S023 30.0 NaN  Male Exercise: pedaling a stationary bicycle 2.0 Good                        Good                             NaN                       NaN                       NaN                       Replaced file ID 01      NaN NaN NaN NaN NaN NaN NaN NaN NaN NaN NaN NaN NaN NaN NaN NaN NaN NaN NaN          NaN  ...                    NaN
ECGPCG0002 S024 30.0 NaN  Male Exercise: pedaling a stationary bicycle 2.0 Good; occasional saturation Good                             NaN                       NaN                       NaN                       Replaced file ID 02      NaN NaN NaN NaN NaN NaN NaN NaN NaN NaN NaN NaN NaN NaN NaN NaN NaN NaN NaN          NaN  ...                    NaN
ECGPCG0003 S003 0.5  28.0 Male Rest: sitting on armchair               2.0 Good                        Good                             NaN                       NaN                       NaN                       Replaced file ID 03 (PG) NaN NaN NaN NaN NaN NaN NaN NaN NaN NaN NaN NaN NaN NaN NaN NaN NaN NaN NaN          NaN  ...                    NaN
ECGPCG0004 S004 0.5  26.0 Male Rest: sitting on armchair               5.0 Good                        Occasional burst powerline noise Quantization noise level  Quantization noise level  Quantization noise level  NaN                      NaN NaN NaN NaN NaN NaN NaN NaN NaN NaN NaN NaN NaN NaN NaN NaN NaN NaN NaN          NaN  ...                    NaN
ECGPCG0005 S005 0.5  23.0 Male Rest: sitting on armchair               5.0 Good                        Occasional burst powerline noise Quantization noise level  Quantization noise level  Quantization noise level  NaN                      NaN NaN NaN NaN NaN NaN NaN NaN NaN NaN NaN NaN NaN NaN NaN NaN NaN NaN NaN          NaN  ...                    NaN
...                                                                                                                                                                                                                                                                                                                                 ...  ...                    ...
ECGPCG0066 S020 30.0 26.0 Male Exercise: bicycle stress test           5.0 Good                        Good                             Quantization noise level  Good                      Quantization noise level  NaN                      NaN NaN NaN NaN NaN NaN NaN NaN NaN NaN NaN NaN NaN NaN NaN NaN NaN NaN NaN          NaN  ...                    NaN
ECGPCG0067 S015 30.0 29.0 Male Exercise: bicycle stress test           5.0 Good                        Good                             Quantization noise level  Good                      Quantization noise level  NaN                      NaN NaN NaN NaN NaN NaN NaN NaN NaN NaN NaN NaN NaN NaN NaN NaN NaN NaN NaN          NaN  ...                    NaN
ECGPCG0068 S016 30.0 23.0 Male Exercise: bicycle stress test           5.0 Good; occasional saturation Good                             Quantization noise level  Good                      Quantization noise level  NaN                      NaN NaN NaN NaN NaN NaN NaN NaN NaN NaN NaN NaN NaN NaN NaN NaN NaN NaN NaN          NaN  ...                    NaN
ECGPCG0069 S017 30.0 27.0 Male Exercise: bicycle stress test           5.0 Good; occasional saturation Good                             Quantization noise level  Good                      Quantization noise level  NaN                      NaN NaN NaN NaN NaN NaN NaN NaN NaN NaN NaN NaN NaN NaN NaN NaN NaN NaN NaN          NaN  ...                    NaN
NaN        NaN  NaN  NaN  NaN  NaN                                     NaN NaN                         NaN                              NaN                       NaN                       NaN                       NaN                      NaN NaN NaN NaN NaN NaN NaN NaN NaN NaN NaN NaN NaN NaN NaN NaN NaN NaN NaN          NaN  ...                    NaN

[70 rows x 13 columns]
[6356] Unprocessed label CSV for EPHNOGRAM:                                                                                                                                                                                                                                                                                                                             Record Name  ...  Database Housekeeping
ECGPCG0001 S023 30.0 NaN  Male Exercise: pedaling a stationary bicycle 2.0 Good                        Good                             NaN                       NaN                       NaN                       Replaced file ID 01      NaN NaN NaN NaN NaN NaN NaN NaN NaN NaN NaN NaN NaN NaN NaN NaN NaN NaN NaN          NaN  ...                    NaN
ECGPCG0002 S024 30.0 NaN  Male Exercise: pedaling a stationary bicycle 2.0 Good; occasional saturation Good                             NaN                       NaN                       NaN                       Replaced file ID 02      NaN NaN NaN NaN NaN NaN NaN NaN NaN NaN NaN NaN NaN NaN NaN NaN NaN NaN NaN          NaN  ...                    NaN
ECGPCG0003 S003 0.5  28.0 Male Rest: sitting on armchair               2.0 Good                        Good                             NaN                       NaN                       NaN                       Replaced file ID 03 (PG) NaN NaN NaN NaN NaN NaN NaN NaN NaN NaN NaN NaN NaN NaN NaN NaN NaN NaN NaN          NaN  ...                    NaN
ECGPCG0004 S004 0.5  26.0 Male Rest: sitting on armchair               5.0 Good                        Occasional burst powerline noise Quantization noise level  Quantization noise level  Quantization noise level  NaN                      NaN NaN NaN NaN NaN NaN NaN NaN NaN NaN NaN NaN NaN NaN NaN NaN NaN NaN NaN          NaN  ...                    NaN
ECGPCG0005 S005 0.5  23.0 Male Rest: sitting on armchair               5.0 Good                        Occasional burst powerline noise Quantization noise level  Quantization noise level  Quantization noise level  NaN                      NaN NaN NaN NaN NaN NaN NaN NaN NaN NaN NaN NaN NaN NaN NaN NaN NaN NaN NaN          NaN  ...                    NaN

[5 rows x 13 columns]
[6356] * Cleaning Ephnogram Data - Cleaning CSV [2/5] *
[6356] 30.0
[6356] 30.0
[6356] 0.5
[6356] 0.5
[6356] 0.5
[6356] 0.5
[6356] 0.5
[6356] 0.5
[6356] 0.5
[6356] 30.0
[6356] 30.0
[6356] 30.0
[6356] 30.0
[6356] 30.0
[6356] 30.0
[6356] 30.0
[6356] 30.0
[6356] 30.0
[6356] 30.0
[6356] 30.0
[6356] 30.0
[6356] 30.0
[6356] 30.0
[6356] 30.0
[6356] 30.0
[6356] 30.0
[6356] 30.0
[6356] 30.0
[6356] 30.0
[6356] 30.0
[6356] 30.0
[6356] 30.0
[6356] 30.0
[6356] 30.0
[6356] 30.0
[6356] 30.0
[6356] 30.0
[6356] 30.0
[6356] 30.0
[6356] 0.5
[6356] 30.0
[6356] 30.0
[6356] 30.0
[6356] 30.0
[6356] 30.0
[6356] 30.0
[6356] 30.0
[6356] 30.0
[6356] 30.0
[6356] 30.0
[6356] 30.0
[6356] 30.0
[6356] 30.0
[6356] 30.0
[6356] 30.0
[6356] 30.0
[6356] 30.0
[6356] 30.0
[6356] 30.0
[6356] 30.0
[6356] 30.0
[6356] 30.0
[6356] 30.0
[6356] 30.0
[6356] 30.0
[6356] 30.0
[6356] 30.0
[6356] 30.0
[6356] 30.0
[6356] * Cleaning Ephnogram Data - Creating CSV "data-after-TEST/ephnogram/data_ephnogram_raw.csv" - QRS, ECGs and PCGs [3/5] *
[7276] Processing Data Item: (['ECGPCG0003', 0.5, 2], 0)
[1424] Processing Data Item: (['ECGPCG0006', 0.5, 5], 1)
[10180] Processing Data Item: (['ECGPCG0007', 0.5, 5], 2)
[7276] SAVING b0001: ecg.qrs_inds: [], ecg.hrs: [nan nan nan ... nan nan nan]
[10180] SAVING b0003: ecg.qrs_inds: [], ecg.hrs: [nan nan nan ... nan nan nan]
[1424] SAVING b0002: ecg.qrs_inds: [], ecg.hrs: [nan nan nan ... nan nan nan]
[1424] Processing Data Item: (['ECGPCG0009', 0.5, 5], 4)
[10180] Processing Data Item: (['ECGPCG0008', 0.5, 5], 3)
[4616] Processing Data Item: (['ECGPCG0010', 30.0, 2], 5)
[10180] SAVING b0004: ecg.qrs_inds: [], ecg.hrs: [nan nan nan ... nan nan nan]
[1424] SAVING b0005: ecg.qrs_inds: [], ecg.hrs: [nan nan nan ... nan nan nan]
[11884] Processing Data Item: (['ECGPCG0011', 30.0, 2], 6)
[19380] Processing Data Item: (['ECGPCG0013', 30.0, 2], 7)
[18164] Processing Data Item: (['ECGPCG0015', 30.0, 2], 8)
[19228] Processing Data Item: (['ECGPCG0016', 30.0, 2], 9)
[9988] Processing Data Item: (['ECGPCG0023', 30.0, 5], 10)
[12300] Processing Data Item: (['ECGPCG0040', 0.5, 2], 11)
[12300] SAVING b0012: ecg.qrs_inds: [], ecg.hrs: [nan nan nan ... nan nan nan]
[19380] SAVING b0008: ecg.qrs_inds: [], ecg.hrs: [nan nan nan ... nan nan nan]
[11884] SAVING b0007: ecg.qrs_inds: [], ecg.hrs: [nan nan nan ... nan nan nan]
[4616] SAVING b0006: ecg.qrs_inds: [], ecg.hrs: [nan nan nan ... nan nan nan]
[19228] SAVING b0010: ecg.qrs_inds: [], ecg.hrs: [nan nan nan ... nan nan nan]
[18164] SAVING b0009: ecg.qrs_inds: [], ecg.hrs: [nan nan nan ... nan nan nan]
[9988] SAVING b0011: ecg.qrs_inds: [], ecg.hrs: [nan nan nan ... nan nan nan]
[6356] * Cleaning Ephnogram Data - Creating ECG segments, Spectrograms/Wavelets and Videos [3/5] *
[6356] [[0, 'b0001', 'ECGPCG0003', 0, 0.5, 2, 60000, 60000, 0, 3, nan], [1, 'b0002', 'ECGPCG0006', 0, 0.5, 5, 60000, 60000, 0, 3, nan], [2, 'b0003', 'ECGPCG0007', 0, 0.5, 5, 60000, 60000, 0, 3, nan], [3, 'b0004', 'ECGPCG0008', 0, 0.5, 5, 60000, 60000, 0, 3, nan], [4, 'b0005', 'ECGPCG0009', 0, 0.5, 5, 60000, 60000, 0, 3, nan], [5, 'b0006', 'ECGPCG0010', 0, 30.0, 2, 3600000, 3600000, 0, 225, nan], [6, 'b0007', 'ECGPCG0011', 0, 30.0, 2, 3600000, 3600000, 0, 225, nan], [7, 'b0008', 'ECGPCG0013', 0, 30.0, 2, 3600000, 3600000, 0, 225, nan], [8, 'b0009', 'ECGPCG0015', 0, 30.0, 2, 3600000, 3600000, 0, 225, nan], [9, 'b0010', 'ECGPCG0016', 0, 30.0, 2, 3600000, 3600000, 0, 225, nan], [10, 'b0011', 'ECGPCG0023', 0, 30.0, 5, 3600000, 3600000, 0, 225, nan], [11, 'b0012', 'ECGPCG0040', 0, 0.5, 2, 60000, 60000, 0, 3, nan]]
[11884] *** Processing Signal 0 (1 / 12) [0] ***
[9988] *** Processing Signal 4 (5 / 12) [4] ***
[19228] *** Processing Signal 2 (3 / 12) [2] ***
[18164] *** Processing Signal 3 (4 / 12) [3] ***
[4616] *** Processing Signal 1 (2 / 12) [1] ***
[8796] *** Processing Signal 6 (7 / 12) [6] ***
[14452] *** Processing Signal 5 (6 / 12) [5] ***
[8796] *** Processing Signal 7 (8 / 12) [7] ***
[14452] *** Processing Signal 8 (9 / 12) [8] ***
[13956] *** Processing Signal 9 (10 / 12) [9] ***
[13956] *** Processing Signal 10 (11 / 12) [10] ***
[12640] *** Processing Signal 11 (12 / 12) [11] ***
