[29612] Output Path: data-after-TEST
[29612] Input Path (Physionet) Data: data-before/physionet-data/training-a
[29612] Input Path (Physionet) Labels: data-before/physionet-data/training-a/REFERENCE.csv
[29612] Input Path (Ephnogram) Data: data-before/ephnogram-data/WFDB
[29612] Input Path (Ephnogram) Labels: data-before/ephnogram-data/ECGPCGSpreadsheet.csv
[29612] ****************MMTF-ECGPCGNet*****************
[29612] ***          ECGPCG Data Cleaning           ***
[29612] ***********************************************
[29612] *** OPTIONS:                               ***
[29612]         RAM usage: 40.0%
[29612]         Number of Processes: 30   [Available: 30]
[29612]         GPU Enabled: True  GPU ID: 0
[29612]         Google Drive Enabled (unprocessed dataset storage): False
[29612]  UNUSED Tensorflow Enabled: False
[29612] ***********************************************
[29612] Attempting to set RAM usage to 40.0%
[29612] *** Cleaning Data [2/3] ***
[29612] ** Cleaning Ephnogram Data **
[29612] * Cleaning Ephnogram Data - Creating References [1/5] *
[29612] READMEREF:                                                                                                                                                                                                                                                                                                                             Record Name  ...  Database Housekeeping
ECGPCG0001 S023 30.0 NaN  Male Exercise: pedaling a stationary bicycle 2.0 Good                        Good                             NaN                       NaN                       NaN                       Replaced file ID 01      NaN NaN NaN NaN NaN NaN NaN NaN NaN NaN NaN NaN NaN NaN NaN NaN NaN NaN NaN          NaN  ...                    NaN
ECGPCG0002 S024 30.0 NaN  Male Exercise: pedaling a stationary bicycle 2.0 Good; occasional saturation Good                             NaN                       NaN                       NaN                       Replaced file ID 02      NaN NaN NaN NaN NaN NaN NaN NaN NaN NaN NaN NaN NaN NaN NaN NaN NaN NaN NaN          NaN  ...                    NaN
ECGPCG0003 S003 0.5  28.0 Male Rest: sitting on armchair               2.0 Good                        Good                             NaN                       NaN                       NaN                       Replaced file ID 03 (PG) NaN NaN NaN NaN NaN NaN NaN NaN NaN NaN NaN NaN NaN NaN NaN NaN NaN NaN NaN          NaN  ...                    NaN
ECGPCG0004 S004 0.5  26.0 Male Rest: sitting on armchair               5.0 Good                        Occasional burst powerline noise Quantization noise level  Quantization noise level  Quantization noise level  NaN                      NaN NaN NaN NaN NaN NaN NaN NaN NaN NaN NaN NaN NaN NaN NaN NaN NaN NaN NaN          NaN  ...                    NaN
ECGPCG0005 S005 0.5  23.0 Male Rest: sitting on armchair               5.0 Good                        Occasional burst powerline noise Quantization noise level  Quantization noise level  Quantization noise level  NaN                      NaN NaN NaN NaN NaN NaN NaN NaN NaN NaN NaN NaN NaN NaN NaN NaN NaN NaN NaN          NaN  ...                    NaN
...                                                                                                                                                                                                                                                                                                                                 ...  ...                    ...
ECGPCG0066 S020 30.0 26.0 Male Exercise: bicycle stress test           5.0 Good                        Good                             Quantization noise level  Good                      Quantization noise level  NaN                      NaN NaN NaN NaN NaN NaN NaN NaN NaN NaN NaN NaN NaN NaN NaN NaN NaN NaN NaN          NaN  ...                    NaN
ECGPCG0067 S015 30.0 29.0 Male Exercise: bicycle stress test           5.0 Good                        Good                             Quantization noise level  Good                      Quantization noise level  NaN                      NaN NaN NaN NaN NaN NaN NaN NaN NaN NaN NaN NaN NaN NaN NaN NaN NaN NaN NaN          NaN  ...                    NaN
ECGPCG0068 S016 30.0 23.0 Male Exercise: bicycle stress test           5.0 Good; occasional saturation Good                             Quantization noise level  Good                      Quantization noise level  NaN                      NaN NaN NaN NaN NaN NaN NaN NaN NaN NaN NaN NaN NaN NaN NaN NaN NaN NaN NaN          NaN  ...                    NaN
ECGPCG0069 S017 30.0 27.0 Male Exercise: bicycle stress test           5.0 Good; occasional saturation Good                             Quantization noise level  Good                      Quantization noise level  NaN                      NaN NaN NaN NaN NaN NaN NaN NaN NaN NaN NaN NaN NaN NaN NaN NaN NaN NaN NaN          NaN  ...                    NaN
NaN        NaN  NaN  NaN  NaN  NaN                                     NaN NaN                         NaN                              NaN                       NaN                       NaN                       NaN                      NaN NaN NaN NaN NaN NaN NaN NaN NaN NaN NaN NaN NaN NaN NaN NaN NaN NaN NaN          NaN  ...                    NaN

[70 rows x 13 columns]
[29612] Unprocessed label CSV for EPHNOGRAM:                                                                                                                                                                                                                                                                                                                             Record Name  ...  Database Housekeeping
ECGPCG0001 S023 30.0 NaN  Male Exercise: pedaling a stationary bicycle 2.0 Good                        Good                             NaN                       NaN                       NaN                       Replaced file ID 01      NaN NaN NaN NaN NaN NaN NaN NaN NaN NaN NaN NaN NaN NaN NaN NaN NaN NaN NaN          NaN  ...                    NaN
ECGPCG0002 S024 30.0 NaN  Male Exercise: pedaling a stationary bicycle 2.0 Good; occasional saturation Good                             NaN                       NaN                       NaN                       Replaced file ID 02      NaN NaN NaN NaN NaN NaN NaN NaN NaN NaN NaN NaN NaN NaN NaN NaN NaN NaN NaN          NaN  ...                    NaN
ECGPCG0003 S003 0.5  28.0 Male Rest: sitting on armchair               2.0 Good                        Good                             NaN                       NaN                       NaN                       Replaced file ID 03 (PG) NaN NaN NaN NaN NaN NaN NaN NaN NaN NaN NaN NaN NaN NaN NaN NaN NaN NaN NaN          NaN  ...                    NaN
ECGPCG0004 S004 0.5  26.0 Male Rest: sitting on armchair               5.0 Good                        Occasional burst powerline noise Quantization noise level  Quantization noise level  Quantization noise level  NaN                      NaN NaN NaN NaN NaN NaN NaN NaN NaN NaN NaN NaN NaN NaN NaN NaN NaN NaN NaN          NaN  ...                    NaN
ECGPCG0005 S005 0.5  23.0 Male Rest: sitting on armchair               5.0 Good                        Occasional burst powerline noise Quantization noise level  Quantization noise level  Quantization noise level  NaN                      NaN NaN NaN NaN NaN NaN NaN NaN NaN NaN NaN NaN NaN NaN NaN NaN NaN NaN NaN          NaN  ...                    NaN

[5 rows x 13 columns]
[29612] * Cleaning Ephnogram Data - Cleaning CSV [2/5] *
[29612] 30.0
[29612] 30.0
[29612] 0.5
[29612] 0.5
[29612] 0.5
[29612] 0.5
[29612] 0.5
[29612] 0.5
[29612] 0.5
[29612] 30.0
[29612] 30.0
[29612] 30.0
[29612] 30.0
[29612] 30.0
[29612] 30.0
[29612] 30.0
[29612] 30.0
[29612] 30.0
[29612] 30.0
[29612] 30.0
[29612] 30.0
[29612] 30.0
[29612] 30.0
[29612] 30.0
[29612] 30.0
[29612] 30.0
[29612] 30.0
[29612] 30.0
[29612] 30.0
[29612] 30.0
[29612] 30.0
[29612] 30.0
[29612] 30.0
[29612] 30.0
[29612] 30.0
[29612] 30.0
[29612] 30.0
[29612] 30.0
[29612] 30.0
[29612] 0.5
[29612] 30.0
[29612] 30.0
[29612] 30.0
[29612] 30.0
[29612] 30.0
[29612] 30.0
[29612] 30.0
[29612] 30.0
[29612] 30.0
[29612] 30.0
[29612] 30.0
[29612] 30.0
[29612] 30.0
[29612] 30.0
[29612] 30.0
[29612] 30.0
[29612] 30.0
[29612] 30.0
[29612] 30.0
[29612] 30.0
[29612] 30.0
[29612] 30.0
[29612] 30.0
[29612] 30.0
[29612] 30.0
[29612] 30.0
[29612] 30.0
[29612] 30.0
[29612] 30.0
[29612] * Cleaning Ephnogram Data - Creating ECG segments, Spectrograms/Wavelets and Videos [3/5] *
[29612] [['b0001', 'ECGPCG0003', 0, 0.5, 2, 60000, 60000, 45, 3, 90.27033], ['b0002', 'ECGPCG0006', 0, 0.5, 5, 60000, 60000, 36, 3, 71.21443], ['b0003', 'ECGPCG0007', 0, 0.5, 5, 60000, 60000, 38, 3, 75.034065], ['b0004', 'ECGPCG0008', 0, 0.5, 5, 60000, 60000, 37, 3, 73.536415], ['b0005', 'ECGPCG0009', 0, 0.5, 5, 60000, 60000, 32, 3, 64.72777], ['b0006', 'ECGPCG0010', 0, 30.0, 2, 3600000, 3600000, 1892, 225, 63.108547], ['b0007', 'ECGPCG0011', 0, 30.0, 2, 3600000, 3600000, 2124, 225, 71.196335], ['b0008', 'ECGPCG0013', 0, 30.0, 2, 3600000, 3600000, 1823, 225, 61.320366], ['b0009', 'ECGPCG0015', 0, 30.0, 2, 3600000, 3600000, 2021, 225, 68.26936], ['b0010', 'ECGPCG0016', 0, 30.0, 2, 3600000, 3600000, 2352, 225, 78.3968], ['b0011', 'ECGPCG0023', 0, 30.0, 5, 3600000, 3600000, 2096, 225, 70.00017], ['b0012', 'ECGPCG0040', 0, 0.5, 2, 60000, 60000, 46, 3, 91.58019]]
[29612] *** Processing Signal 1 (2 / 12) [b0002] ***
[29612] *** Processing Signal 3 (4 / 12) [b0004] ***
[29612] *** Processing Signal 0 (1 / 12) [b0001] ***
[29612] *** Processing Signal 2 (3 / 12) [b0003] ***
[29612] *** Processing Signal 5 (6 / 12) [b0006] ***
[29612] *** Processing Signal 4 (5 / 12) [b0005] ***
[29612] *** Processing Signal 6 (7 / 12) [b0007] ***
[29612] *** Processing Signal 8 (9 / 12) [b0009] ***
[29612] *** Processing Signal 10 (11 / 12) [b0011] ***
[29612] *** Processing Signal 7 (8 / 12) [b0008] ***
[29612] *** Processing Signal 11 (12 / 12) [b0012] ***
[29612] *** Processing Signal 9 (10 / 12) [b0010] ***
