[18872] Output Path: data-after-TEST
[18872] Input Path (Physionet) Data: data-before/physionet-data/training-a
[18872] Input Path (Physionet) Labels: data-before/physionet-data/training-a/REFERENCE.csv
[18872] Input Path (Ephnogram) Data: data-before/ephnogram-data/WFDB
[18872] Input Path (Ephnogram) Labels: data-before/ephnogram-data/ECGPCGSpreadsheet.csv
[18872] ****************MMTF-ECGPCGNet*****************
[18872] ***          ECGPCG Data Cleaning           ***
[18872] ***********************************************
[18872] *** OPTIONS:                               ***
[18872]         RAM usage: 40.0%
[18872]         Number of Processes: 30   [Available: 30]
[18872]         GPU Enabled: True  GPU ID: 0
[18872]         Google Drive Enabled (unprocessed dataset storage): False
[18872]  UNUSED Tensorflow Enabled: False
[18872] ***********************************************
[18872] Attempting to set RAM usage to 40.0%
[18872] *** Cleaning Data [1/3] ***
[18872] ** Cleaning Physionet Data **
[18872] * Cleaning Physionet Data - Creating References [1/4] *
[18872] READMEREF:     filename  label
0      a0001      1
1      a0002      1
2      a0003      1
3      a0004      1
4      a0005      1
..       ...    ...
404    a0405     -1
405    a0406     -1
406    a0407     -1
407    a0408     -1
408    a0409     -1

[409 rows x 2 columns]
[18872] Unprocessed label CSV for PHYSIONET:   filename  label
0    a0001      1
1    a0002      1
2    a0003      1
3    a0004      1
4    a0005      1
[18872] * Cleaning Physionet Data - Creating ECG segments, Spectrograms/Wavelets and Videos [2/4] *
[18872] [['a0001', 'a0001', 1, 35.666, 1, 71332, 71332, 37, 4, 62.08737], ['a0002', 'a0002', 1, 20.8285, 1, 41657, 41657, 21, 2, 65.99077], ['a0003', 'a0003', 1, 30.72, 1, 61440, 61440, 26, 3, 50.10384], ['a0004', 'a0004', 1, 35.5965, 1, 71193, 71193, 36, 4, 63.434925], ['a0005', 'a0005', 1, 35.666, 1, 71332, 71332, 52, 4, 88.102936], ['a0006', 'a0006', 1, 20.759, 1, 41518, 41518, 24, 2, 77.58432], ['a0007', 'a0007', -1, 35.666, 1, 71332, 71332, 41, 4, 74.14052], ['a0008', 'a0008', 1, 35.8055, 1, 71611, 71611, 48, 4, 83.02669], ['a0009', 'a0009', -1, 35.8055, 1, 71611, 71611, 36, 4, 70.11234], ['a0010', 'a0010', 1, 35.736, 1, 71472, 71472, 44, 4, 77.3315], ['a0011', 'a0011', -1, 35.5965, 1, 71193, 71193, 39, 4, 66.57005], ['a0012', 'a0012', -1, 30.8595, 1, 61719, 61719, 30, 3, 57.635315], ['a0013', 'a0013', 1, 35.666, 1, 71332, 71332, 39, 4, 66.65992], ['a0014', 'a0014', 1, 35.736, 1, 71472, 71472, 35, 4, 61.336872], ['a0015', 'a0015', 1, 35.736, 1, 71472, 71472, 35, 4, 68.95596], ['a0016', 'a0016', -1, 30.79, 1, 61580, 61580, 31, 3, 62.76016], ['a0017', 'a0017', 1, 35.666, 1, 71332, 71332, 40, 4, 64.94211], ['a0018', 'a0018', 1, 20.898, 1, 41796, 41796, 24, 2, 69.23059], ['a0019', 'a0019', -1, 30.8595, 1, 61719, 61719, 36, 3, 69.13019], ['a0020', 'a0020', 1, 35.666, 1, 71332, 71332, 38, 4, 72.44937], ['a0021', 'a0021', 1, 35.5965, 1, 71193, 71193, 31, 4, 52.6297], ['a0022', 'a0022', 1, 36.1535, 1, 72307, 72307, 32, 4, 53.465675], ['a0023', 'a0023', 1, 30.581, 1, 61162, 61162, 27, 3, 58.032265], ['a0024', 'a0024', 1, 20.689, 1, 41378, 41378, 25, 2, 71.23288], ['a0025', 'a0025', -1, 31.138, 1, 62276, 62276, 33, 3, 65.870804], ['a0026', 'a0026', 1, 35.5965, 1, 71193, 71193, 38, 4, 71.34403], ['a0027', 'a0027', -1, 31.138, 1, 62276, 62276, 37, 3, 70.77823], ['a0028', 'a0028', -1, 30.8595, 1, 61719, 61719, 32, 3, 63.42925], ['a0029', 'a0029', -1, 30.72, 1, 61440, 61440, 39, 3, 79.6413], ['a0030', 'a0030', 1, 36.2235, 1, 72447, 72447, 39, 4, 70.26013], ['a0031', 'a0031', 1, 35.5965, 1, 71193, 71193, 37, 4, 67.59103], ['a0032', 'a0032', -1, 35.666, 1, 71332, 71332, 34, 4, 57.698357], ['a0033', 'a0033', 1, 35.666, 1, 71332, 71332, 33, 4, 57.085262], ['a0034', 'a0034', 1, 30.581, 1, 61162, 61162, 33, 3, 67.56492], ['a0035', 'a0035', -1, 28.9825, 1, 57965, 57965, 33, 3, 69.62179], ['a0036', 'a0036', 1, 35.9445, 1, 71889, 71889, 34, 4, 61.124958], ['a0037', 'a0037', 1, 35.736, 1, 71472, 71472, 42, 4, 73.75111], ['a0038', 'a0038', -1, 34.63, 1, 69260, 69260, 31, 4, 63.96644], ['a0039', 'a0039', 1, 30.72, 1, 61440, 61440, 29, 3, 65.51252], ['a0040', 'a0040', 1, 35.666, 1, 71332, 71332, 46, 4, 79.72295], ['a0041', 'a0041', 1, 35.109, 1, 70218, 70218, 37, 4, 63.67406], ['a0042', 'a0042', 1, 36.1535, 1, 72307, 72307, 38, 4, 70.6904], ['a0043', 'a0043', 1, 35.5965, 1, 71193, 71193, 39, 4, 68.76836], ['a0044', 'a0044', 1, 30.6505, 1, 61301, 61301, 27, 3, 57.20916], ['a0045', 'a0045', 1, 35.875, 1, 71750, 71750, 34, 4, 57.12922], ['a0046', 'a0046', 1, 35.736, 1, 71472, 71472, 36, 4, 64.25272], ['a0047', 'a0047', 1, 35.5965, 1, 71193, 71193, 37, 4, 70.77742], ['a0048', 'a0048', 1, 36.2235, 1, 72447, 72447, 40, 4, 71.02791], ['a0049', 'a0049', -1, 30.8595, 1, 61719, 61719, 35, 3, 71.49301], ['a0050', 'a0050', -1, 30.6505, 1, 61301, 61301, 36, 3, 76.451515], ['a0051', 'a0051', 1, 35.5965, 1, 71193, 71193, 37, 4, 68.78659], ['a0052', 'a0052', 1, 35.736, 1, 71472, 71472, 34, 4, 60.511528], ['a0053', 'a0053', -1, 35.875, 1, 71750, 71750, 36, 4, 61.240124], ['a0054', 'a0054', 1, 35.666, 1, 71332, 71332, 37, 4, 68.842255], ['a0055', 'a0055', -1, 35.666, 1, 71332, 71332, 63, 4, 109.78014], ['a0056', 'a0056', 1, 30.79, 1, 61580, 61580, 34, 3, 67.59078], ['a0057', 'a0057', 1, 35.9445, 1, 71889, 71889, 44, 4, 74.093216], ['a0058', 'a0058', 1, 20.6195, 1, 41239, 41239, 22, 2, 66.5155], ['a0059', 'a0059', 1, 35.666, 1, 71332, 71332, 31, 4, 53.17885], ['a0060', 'a0060', 1, 35.666, 1, 71332, 71332, 37, 4, 66.76201], ['a0061', 'a0061', 1, 30.79, 1, 61580, 61580, 38, 3, 75.348816], ['a0062', 'a0062', 1, 36.084, 1, 72168, 72168, 38, 4, 64.67023], ['a0063', 'a0063', 1, 35.666, 1, 71332, 71332, 37, 4, 61.971386], ['a0064', 'a0064', 1, 35.5965, 1, 71193, 71193, 37, 4, 62.71596], ['a0065', 'a0065', 1, 35.736, 1, 71472, 71472, 39, 4, 64.433205], ['a0066', 'a0066', 1, 35.5965, 1, 71193, 71193, 35, 4, 65.33443], ['a0067', 'a0067', 1, 20.8285, 1, 41657, 41657, 23, 2, 69.66646], ['a0068', 'a0068', -1, 35.736, 1, 71472, 71472, 34, 4, 63.830437], ['a0069', 'a0069', -1, 30.999, 1, 61998, 61998, 34, 3, 66.0796], ['a0070', 'a0070', -1, 30.79, 1, 61580, 61580, 28, 3, 55.38636], ['a0071', 'a0071', -1, 29.6295, 1, 59259, 59259, 38, 3, 75.60168], ['a0072', 'a0072', 1, 36.293, 1, 72586, 72586, 51, 4, 86.1135], ['a0073', 'a0073', 1, 35.666, 1, 71332, 71332, 37, 4, 69.59889], ['a0074', 'a0074', 1, 35.5965, 1, 71193, 71193, 40, 4, 72.8468], ['a0075', 'a0075', 1, 35.736, 1, 71472, 71472, 36, 4, 63.14403], ['a0076', 'a0076', 1, 35.666, 1, 71332, 71332, 56, 4, 93.56466], ['a0077', 'a0077', 1, 35.736, 1, 71472, 71472, 44, 4, 72.9759], ['a0078', 'a0078', 1, 35.736, 1, 71472, 71472, 35, 4, 59.26523], ['a0079', 'a0079', 1, 30.6505, 1, 61301, 61301, 36, 3, 72.447266], ['a0080', 'a0080', -1, 30.999, 1, 61998, 61998, 42, 3, 81.490906], ['a0081', 'a0081', -1, 35.666, 1, 71332, 71332, 38, 4, 72.36976], ['a0082', 'a0082', 1, 30.6505, 1, 61301, 61301, 29, 3, 61.89617], ['a0083', 'a0083', 1, 35.666, 1, 71332, 71332, 37, 4, 63.931236], ['a0084', 'a0084', 1, 30.79, 1, 61580, 61580, 28, 3, 56.508274], ['a0085', 'a0085', -1, 30.8595, 1, 61719, 61719, 39, 3, 75.034935], ['a0086', 'a0086', -1, 36.2235, 1, 72447, 72447, 38, 4, 70.03127], ['a0087', 'a0087', 1, 20.6195, 1, 41239, 41239, 24, 2, 67.55433], ['a0088', 'a0088', -1, 36.0145, 1, 72029, 72029, 45, 4, 74.64065], ['a0089', 'a0089', 1, 20.968, 1, 41936, 41936, 21, 2, 64.75763], ['a0090', 'a0090', 1, 20.4105, 1, 40821, 40821, 23, 2, 66.32464], ['a0091', 'a0091', -1, 30.6505, 1, 61301, 61301, 28, 3, 55.37963], ['a0092', 'a0092', 1, 35.875, 1, 71750, 71750, 36, 4, 59.99534], ['a0093', 'a0093', -1, 30.72, 1, 61440, 61440, 31, 3, 64.41279], ['a0094', 'a0094', -1, 35.666, 1, 71332, 71332, 41, 4, 73.39877], ['a0095', 'a0095', 1, 35.5965, 1, 71193, 71193, 39, 4, 67.06426], ['a0096', 'a0096', 1, 35.666, 1, 71332, 71332, 42, 4, 72.88751], ['a0097', 'a0097', 1, 35.666, 1, 71332, 71332, 44, 4, 77.46269], ['a0098', 'a0098', 1, 28.5425, 1, 57085, 57085, 34, 3, 71.095764], ['a0099', 'a0099', 1, 35.666, 1, 71332, 71332, 31, 4, 56.59591], ['a0100', 'a0100', 1, 20.6195, 1, 41239, 41239, 23, 2, 70.97935], ['a0101', 'a0101', 1, 35.8055, 1, 71611, 71611, 39, 4, 66.528915], ['a0102', 'a0102', -1, 35.5965, 1, 71193, 71193, 43, 4, 76.26068], ['a0103', 'a0103', 1, 20.898, 1, 41796, 41796, 25, 2, 72.0924], ['a0104', 'a0104', 1, 20.6195, 1, 41239, 41239, 23, 2, 71.76009], ['a0105', 'a0105', -1, 35.2425, 1, 70485, 70485, 45, 4, 79.5269], ['a0106', 'a0106', -1, 35.666, 1, 71332, 71332, 39, 4, 78.13179], ['a0107', 'a0107', 1, 36.293, 1, 72586, 72586, 39, 4, 69.69632], ['a0108', 'a0108', -1, 32.4845, 1, 64969, 64969, 34, 4, 72.83295], ['a0109', 'a0109', -1, 30.6505, 1, 61301, 61301, 33, 3, 63.925144], ['a0110', 'a0110', 1, 35.5965, 1, 71193, 71193, 47, 4, 79.02671], ['a0111', 'a0111', 1, 35.666, 1, 71332, 71332, 38, 4, 67.55409], ['a0112', 'a0112', 1, 36.1535, 1, 72307, 72307, 41, 4, 68.31089], ['a0113', 'a0113', 1, 36.1535, 1, 72307, 72307, 41, 4, 68.13474], ['a0114', 'a0114', 1, 35.736, 1, 71472, 71472, 46, 4, 79.51998], ['a0115', 'a0115', 1, 36.0145, 1, 72029, 72029, 62, 4, 108.42792], ['a0116', 'a0116', 1, 20.689, 1, 41378, 41378, 23, 2, 72.10258], ['a0117', 'a0117', 1, 35.109, 1, 70218, 70218, 35, 4, 59.62681], ['a0118', 'a0118', -1, 30.8595, 1, 61719, 61719, 32, 3, 62.197678], ['a0119', 'a0119', 1, 35.736, 1, 71472, 71472, 39, 4, 70.30783], ['a0120', 'a0120', 1, 36.084, 1, 72168, 72168, 40, 4, 72.22477], ['a0121', 'a0121', 1, 35.666, 1, 71332, 71332, 38, 4, 73.82253], ['a0122', 'a0122', 1, 35.666, 1, 71332, 71332, 50, 4, 86.49992], ['a0123', 'a0123', 1, 20.6195, 1, 41239, 41239, 21, 2, 60.152203], ['a0124', 'a0124', 1, 35.875, 1, 71750, 71750, 32, 4, 58.198437], ['a0125', 'a0125', -1, 35.666, 1, 71332, 71332, 43, 4, 74.35352], ['a0126', 'a0126', 1, 35.666, 1, 71332, 71332, 42, 4, 70.01258], ['a0127', 'a0127', -1, 35.5965, 1, 71193, 71193, 40, 4, 68.22921], ['a0128', 'a0128', 1, 35.666, 1, 71332, 71332, 37, 4, 61.41057], ['a0129', 'a0129', -1, 36.293, 1, 72586, 72586, 55, 4, 90.197464], ['a0130', 'a0130', 1, 35.5965, 1, 71193, 71193, 35, 4, 62.240223], ['a0131', 'a0131', 1, 19.4555, 1, 38911, 38911, 23, 2, 71.844154], ['a0132', 'a0132', 1, 30.6215, 1, 61243, 61243, 28, 3, 65.215256], ['a0133', 'a0133', 1, 36.1535, 1, 72307, 72307, 37, 4, 60.664703], ['a0134', 'a0134', 1, 35.9445, 1, 71889, 71889, 42, 4, 74.89021], ['a0135', 'a0135', 1, 35.5965, 1, 71193, 71193, 37, 4, 63.748558], ['a0136', 'a0136', -1, 30.79, 1, 61580, 61580, 37, 3, 71.514275], ['a0137', 'a0137', 1, 35.8055, 1, 71611, 71611, 44, 4, 74.978134], ['a0138', 'a0138', 1, 21.0375, 1, 42075, 42075, 25, 2, 81.564255], ['a0139', 'a0139', -1, 31.138, 1, 62276, 62276, 33, 3, 67.891266], ['a0140', 'a0140', -1, 35.666, 1, 71332, 71332, 39, 4, 68.153786], ['a0141', 'a0141', -1, 30.8595, 1, 61719, 61719, 37, 3, 71.60624], ['a0142', 'a0142', 1, 35.666, 1, 71332, 71332, 33, 4, 59.894905], ['a0143', 'a0143', 1, 35.666, 1, 71332, 71332, 41, 4, 73.16392], ['a0144', 'a0144', 1, 36.293, 1, 72586, 72586, 31, 4, 52.586025], ['a0145', 'a0145', 1, 36.293, 1, 72586, 72586, 40, 4, 65.80024], ['a0146', 'a0146', 1, 30.6505, 1, 61301, 61301, 37, 3, 72.24236], ['a0147', 'a0147', 1, 35.666, 1, 71332, 71332, 33, 4, 65.929634], ['a0148', 'a0148', 1, 36.084, 1, 72168, 72168, 40, 4, 72.23501], ['a0149', 'a0149', 1, 35.8055, 1, 71611, 71611, 35, 4, 58.35419], ['a0150', 'a0150', 1, 36.0145, 1, 72029, 72029, 36, 4, 64.1732], ['a0151', 'a0151', 1, 35.5965, 1, 71193, 71193, 34, 4, 58.04088], ['a0152', 'a0152', 1, 35.5965, 1, 71193, 71193, 36, 4, 67.70916], ['a0153', 'a0153', -1, 30.6505, 1, 61301, 61301, 33, 3, 64.927956], ['a0154', 'a0154', -1, 30.8595, 1, 61719, 61719, 34, 3, 66.50845], ['a0155', 'a0155', -1, 35.736, 1, 71472, 71472, 42, 4, 71.20305], ['a0156', 'a0156', 1, 20.759, 1, 41518, 41518, 25, 2, 75.215416], ['a0157', 'a0157', 1, 35.9445, 1, 71889, 71889, 46, 4, 78.97829], ['a0158', 'a0158', 1, 20.8285, 1, 41657, 41657, 24, 2, 69.915054], ['a0159', 'a0159', 1, 35.736, 1, 71472, 71472, 39, 4, 66.74143], ['a0160', 'a0160', 1, 35.5965, 1, 71193, 71193, 50, 4, 86.15443], ['a0161', 'a0161', -1, 35.875, 1, 71750, 71750, 28, 4, 54.63679], ['a0162', 'a0162', 1, 20.6195, 1, 41239, 41239, 23, 2, 75.82213], ['a0163', 'a0163', 1, 30.6505, 1, 61301, 61301, 35, 3, 68.65659], ['a0164', 'a0164', 1, 36.293, 1, 72586, 72586, 37, 4, 70.551346], ['a0165', 'a0165', -1, 30.8595, 1, 61719, 61719, 38, 3, 73.10286], ['a0166', 'a0166', 1, 35.736, 1, 71472, 71472, 37, 4, 67.2], ['a0167', 'a0167', 1, 35.5965, 1, 71193, 71193, 36, 4, 63.09891], ['a0168', 'a0168', 1, 35.5965, 1, 71193, 71193, 35, 4, 65.39404], ['a0169', 'a0169', 1, 35.5965, 1, 71193, 71193, 35, 4, 62.417076], ['a0170', 'a0170', 1, 35.5965, 1, 71193, 71193, 34, 4, 61.243618], ['a0171', 'a0171', -1, 35.5965, 1, 71193, 71193, 39, 4, 69.65241], ['a0172', 'a0172', 1, 35.736, 1, 71472, 71472, 35, 4, 64.81167], ['a0173', 'a0173', 1, 20.689, 1, 41378, 41378, 24, 2, 75.09939], ['a0174', 'a0174', 1, 21.177, 1, 42354, 42354, 23, 2, 79.80149], ['a0175', 'a0175', 1, 30.581, 1, 61162, 61162, 31, 3, 65.01262], ['a0176', 'a0176', 1, 35.666, 1, 71332, 71332, 37, 4, 66.26424], ['a0177', 'a0177', 1, 35.736, 1, 71472, 71472, 34, 4, 55.056168], ['a0178', 'a0178', -1, 35.666, 1, 71332, 71332, 51, 4, 85.37034], ['a0179', 'a0179', -1, 30.8595, 1, 61719, 61719, 39, 3, 76.01912], ['a0180', 'a0180', 1, 36.0145, 1, 72029, 72029, 37, 4, 68.40026], ['a0181', 'a0181', -1, 35.8055, 1, 71611, 71611, 53, 4, 91.32776], ['a0182', 'a0182', 1, 35.8055, 1, 71611, 71611, 43, 4, 74.43714], ['a0183', 'a0183', 1, 35.666, 1, 71332, 71332, 43, 4, 74.36127], ['a0184', 'a0184', -1, 35.5965, 1, 71193, 71193, 42, 4, 73.851326], ['a0185', 'a0185', -1, 35.666, 1, 71332, 71332, 43, 4, 76.51771], ['a0186', 'a0186', 1, 35.666, 1, 71332, 71332, 37, 4, 65.96831], ['a0187', 'a0187', 1, 35.736, 1, 71472, 71472, 38, 4, 69.18058], ['a0188', 'a0188', 1, 36.293, 1, 72586, 72586, 39, 4, 65.180115], ['a0189', 'a0189', -1, 36.0145, 1, 72029, 72029, 42, 4, 70.67665], ['a0190', 'a0190', 1, 35.5965, 1, 71193, 71193, 35, 4, 61.39816], ['a0191', 'a0191', 1, 36.2235, 1, 72447, 72447, 39, 4, 70.331665], ['a0192', 'a0192', 1, 35.875, 1, 71750, 71750, 36, 4, 61.32672], ['a0193', 'a0193', -1, 30.8595, 1, 61719, 61719, 32, 3, 67.771675], ['a0194', 'a0194', 1, 20.689, 1, 41378, 41378, 26, 2, 75.35477], ['a0195', 'a0195', -1, 30.8595, 1, 61719, 61719, 32, 3, 65.506355], ['a0196', 'a0196', -1, 30.72, 1, 61440, 61440, 36, 3, 73.57237], ['a0197', 'a0197', 1, 35.666, 1, 71332, 71332, 44, 4, 74.44997], ['a0198', 'a0198', 1, 35.666, 1, 71332, 71332, 39, 4, 70.1655], ['a0199', 'a0199', -1, 35.875, 1, 71750, 71750, 49, 4, 84.08662], ['a0200', 'a0200', 1, 36.0145, 1, 72029, 72029, 36, 4, 63.986492], ['a0201', 'a0201', 1, 35.5965, 1, 71193, 71193, 41, 4, 77.257576], ['a0202', 'a0202', 1, 36.1535, 1, 72307, 72307, 45, 4, 78.88164], ['a0203', 'a0203', 1, 35.875, 1, 71750, 71750, 40, 4, 68.17641], ['a0204', 'a0204', -1, 31.0685, 1, 62137, 62137, 31, 3, 57.68134], ['a0205', 'a0205', 1, 20.6195, 1, 41239, 41239, 23, 2, 71.85728], ['a0206', 'a0206', 1, 35.5965, 1, 71193, 71193, 39, 4, 66.49416], ['a0207', 'a0207', 1, 35.736, 1, 71472, 71472, 34, 4, 61.54742], ['a0208', 'a0208', -1, 33.2305, 1, 66461, 66461, 34, 4, 65.66193], ['a0209', 'a0209', 1, 35.5965, 1, 71193, 71193, 45, 4, 77.299965], ['a0210', 'a0210', -1, 30.79, 1, 61580, 61580, 31, 3, 65.46938], ['a0211', 'a0211', -1, 30.6505, 1, 61301, 61301, 36, 3, 73.16591], ['a0212', 'a0212', -1, 35.666, 1, 71332, 71332, 34, 4, 62.545444], ['a0213', 'a0213', 1, 36.084, 1, 72168, 72168, 32, 4, 56.437557], ['a0214', 'a0214', 1, 35.5965, 1, 71193, 71193, 54, 4, 90.470146], ['a0215', 'a0215', 1, 36.1535, 1, 72307, 72307, 41, 4, 73.34795], ['a0216', 'a0216', 1, 35.5965, 1, 71193, 71193, 36, 4, 64.74922], ['a0217', 'a0217', 1, 35.5965, 1, 71193, 71193, 32, 4, 55.59051], ['a0218', 'a0218', 1, 35.666, 1, 71332, 71332, 34, 4, 61.600872], ['a0219', 'a0219', 1, 35.5965, 1, 71193, 71193, 39, 4, 65.51978], ['a0220', 'a0220', 1, 35.109, 1, 70218, 70218, 32, 4, 55.554802], ['a0221', 'a0221', 1, 35.5965, 1, 71193, 71193, 34, 4, 55.515022], ['a0222', 'a0222', 1, 30.8595, 1, 61719, 61719, 32, 3, 61.744423], ['a0223', 'a0223', 1, 20.689, 1, 41378, 41378, 20, 2, 64.792244], ['a0224', 'a0224', 1, 36.2235, 1, 72447, 72447, 34, 4, 59.883617], ['a0225', 'a0225', 1, 35.5965, 1, 71193, 71193, 40, 4, 67.38373], ['a0226', 'a0226', 1, 31.044, 1, 62088, 62088, 35, 3, 69.537094], ['a0227', 'a0227', -1, 30.6505, 1, 61301, 61301, 52, 3, 100.668045], ['a0228', 'a0228', 1, 27.1675, 1, 54335, 54335, 31, 3, 68.62156], ['a0229', 'a0229', -1, 30.79, 1, 61580, 61580, 35, 3, 69.57241], ['a0230', 'a0230', 1, 36.2235, 1, 72447, 72447, 42, 4, 74.575386], ['a0231', 'a0231', -1, 30.8595, 1, 61719, 61719, 34, 3, 65.55434], ['a0232', 'a0232', 1, 36.2235, 1, 72447, 72447, 43, 4, 71.66741], ['a0233', 'a0233', 1, 35.666, 1, 71332, 71332, 33, 4, 57.75411], ['a0234', 'a0234', 1, 35.666, 1, 71332, 71332, 35, 4, 64.038795], ['a0235', 'a0235', -1, 30.581, 1, 61162, 61162, 33, 3, 71.262856], ['a0236', 'a0236', 1, 36.0145, 1, 72029, 72029, 48, 4, 82.26581], ['a0237', 'a0237', 1, 35.5965, 1, 71193, 71193, 53, 4, 91.92302], ['a0238', 'a0238', -1, 9.265, 1, 18530, 18530, 12, 1, 86.31387], ['a0239', 'a0239', 1, 20.898, 1, 41796, 41796, 21, 2, 62.210617], ['a0240', 'a0240', 1, 35.666, 1, 71332, 71332, 32, 4, 57.192463], ['a0241', 'a0241', -1, 35.5965, 1, 71193, 71193, 42, 4, 71.24024], ['a0242', 'a0242', 1, 35.5965, 1, 71193, 71193, 35, 4, 65.866585], ['a0243', 'a0243', -1, 36.2235, 1, 72447, 72447, 42, 4, 74.332146], ['a0244', 'a0244', 1, 35.5965, 1, 71193, 71193, 52, 4, 87.4215], ['a0245', 'a0245', 1, 35.736, 1, 71472, 71472, 33, 4, 62.34592], ['a0246', 'a0246', 1, 35.666, 1, 71332, 71332, 34, 4, 63.335976], ['a0247', 'a0247', 1, 35.666, 1, 71332, 71332, 36, 4, 61.69274], ['a0248', 'a0248', 1, 30.5315, 1, 61063, 61063, 26, 3, 54.66531], ['a0249', 'a0249', 1, 35.666, 1, 71332, 71332, 37, 4, 64.22871], ['a0250', 'a0250', -1, 30.999, 1, 61998, 61998, 42, 3, 81.98362], ['a0251', 'a0251', 1, 20.6195, 1, 41239, 41239, 21, 2, 65.35521], ['a0252', 'a0252', 1, 21.0375, 1, 42075, 42075, 22, 2, 63.792953], ['a0253', 'a0253', -1, 35.8055, 1, 71611, 71611, 38, 4, 73.04683], ['a0254', 'a0254', 1, 31.3255, 1, 62651, 62651, 31, 3, 59.033928], ['a0255', 'a0255', 1, 35.8055, 1, 71611, 71611, 32, 4, 53.322], ['a0256', 'a0256', 1, 20.8285, 1, 41657, 41657, 21, 2, 67.3235], ['a0257', 'a0257', 1, 35.8055, 1, 71611, 71611, 34, 4, 56.079685], ['a0258', 'a0258', 1, 35.736, 1, 71472, 71472, 37, 4, 68.7516], ['a0259', 'a0259', 1, 35.9445, 1, 71889, 71889, 40, 4, 68.0949], ['a0260', 'a0260', 1, 35.736, 1, 71472, 71472, 44, 4, 75.151436], ['a0261', 'a0261', 1, 35.5965, 1, 71193, 71193, 40, 4, 71.20375], ['a0262', 'a0262', 1, 35.666, 1, 71332, 71332, 38, 4, 66.68717], ['a0263', 'a0263', 1, 30.79, 1, 61580, 61580, 29, 3, 55.919136], ['a0264', 'a0264', -1, 30.79, 1, 61580, 61580, 35, 3, 71.685135], ['a0265', 'a0265', 1, 20.968, 1, 41936, 41936, 18, 2, 60.84267], ['a0266', 'a0266', -1, 35.5965, 1, 71193, 71193, 44, 4, 76.11895], ['a0267', 'a0267', 1, 20.689, 1, 41378, 41378, 25, 2, 72.95665], ['a0268', 'a0268', 1, 30.8595, 1, 61719, 61719, 31, 3, 62.24172], ['a0269', 'a0269', 1, 35.5965, 1, 71193, 71193, 36, 4, 60.987957], ['a0270', 'a0270', -1, 30.79, 1, 61580, 61580, 29, 3, 59.625206], ['a0271', 'a0271', -1, 30.8595, 1, 61719, 61719, 33, 3, 68.81884], ['a0272', 'a0272', 1, 35.875, 1, 71750, 71750, 41, 4, 72.12857], ['a0273', 'a0273', 1, 35.8055, 1, 71611, 71611, 39, 4, 67.52003], ['a0274', 'a0274', -1, 36.2235, 1, 72447, 72447, 54, 4, 90.21759], ['a0275', 'a0275', 1, 30.8595, 1, 61719, 61719, 31, 3, 65.95877], ['a0276', 'a0276', 1, 35.8055, 1, 71611, 71611, 43, 4, 75.47328], ['a0277', 'a0277', 1, 31.138, 1, 62276, 62276, 37, 3, 70.91548], ['a0278', 'a0278', 1, 35.5965, 1, 71193, 71193, 32, 4, 58.09489], ['a0279', 'a0279', 1, 35.5965, 1, 71193, 71193, 33, 4, 59.223705], ['a0280', 'a0280', 1, 35.736, 1, 71472, 71472, 58, 4, 96.81837], ['a0281', 'a0281', 1, 28.574, 1, 57148, 57148, 30, 3, 66.632195], ['a0282', 'a0282', 1, 35.736, 1, 71472, 71472, 45, 4, 81.89771], ['a0283', 'a0283', -1, 30.79, 1, 61580, 61580, 35, 3, 68.05336], ['a0284', 'a0284', 1, 35.666, 1, 71332, 71332, 47, 4, 83.25826], ['a0285', 'a0285', -1, 35.666, 1, 71332, 71332, 35, 4, 68.929184], ['a0286', 'a0286', 1, 35.666, 1, 71332, 71332, 31, 4, 56.375675], ['a0287', 'a0287', -1, 30.8595, 1, 61719, 61719, 28, 3, 55.878483], ['a0288', 'a0288', 1, 35.5965, 1, 71193, 71193, 28, 4, 52.23747], ['a0289', 'a0289', -1, 30.8595, 1, 61719, 61719, 29, 3, 56.964455], ['a0290', 'a0290', -1, 31.138, 1, 62276, 62276, 31, 3, 60.82581], ['a0291', 'a0291', 1, 35.666, 1, 71332, 71332, 38, 4, 69.54403], ['a0292', 'a0292', 1, 36.2235, 1, 72447, 72447, 31, 4, 54.708138], ['a0293', 'a0293', -1, 30.72, 1, 61440, 61440, 28, 3, 54.49119], ['a0294', 'a0294', -1, 35.875, 1, 71750, 71750, 36, 4, 65.12568], ['a0295', 'a0295', 1, 35.8055, 1, 71611, 71611, 34, 4, 56.2468], ['a0296', 'a0296', 1, 12.9775, 1, 25955, 25955, 12, 1, 66.14694], ['a0297', 'a0297', 1, 35.666, 1, 71332, 71332, 45, 4, 84.85037], ['a0298', 'a0298', -1, 30.999, 1, 61998, 61998, 33, 3, 66.67784], ['a0299', 'a0299', -1, 30.8595, 1, 61719, 61719, 33, 3, 68.9803], ['a0300', 'a0300', 1, 30.72, 1, 61440, 61440, 37, 3, 74.77016], ['a0301', 'a0301', -1, 30.79, 1, 61580, 61580, 32, 3, 64.34629], ['a0302', 'a0302', -1, 36.0145, 1, 72029, 72029, 36, 4, 67.099], ['a0303', 'a0303', 1, 35.8055, 1, 71611, 71611, 34, 4, 55.57716], ['a0304', 'a0304', -1, 35.666, 1, 71332, 71332, 40, 4, 78.03826], ['a0305', 'a0305', 1, 35.736, 1, 71472, 71472, 27, 4, 47.279472], ['a0306', 'a0306', 1, 30.6505, 1, 61301, 61301, 38, 3, 72.137794], ['a0307', 'a0307', 1, 34.165, 1, 68330, 68330, 31, 4, 58.643368], ['a0308', 'a0308', 1, 32.942, 1, 65884, 65884, 46, 4, 86.30908], ['a0309', 'a0309', -1, 30.8595, 1, 61719, 61719, 32, 3, 65.51969], ['a0310', 'a0310', -1, 30.8595, 1, 61719, 61719, 26, 3, 50.4411], ['a0311', 'a0311', -1, 30.8595, 1, 61719, 61719, 33, 3, 66.357796], ['a0312', 'a0312', 1, 35.666, 1, 71332, 71332, 38, 4, 72.59607], ['a0313', 'a0313', 1, 35.5965, 1, 71193, 71193, 36, 4, 66.451515], ['a0314', 'a0314', 1, 20.6195, 1, 41239, 41239, 32, 2, 93.95399], ['a0315', 'a0315', 1, 20.6195, 1, 41239, 41239, 28, 2, 80.183495], ['a0316', 'a0316', 1, 20.6195, 1, 41239, 41239, 24, 2, 73.703804], ['a0317', 'a0317', 1, 35.736, 1, 71472, 71472, 40, 4, 70.09738], ['a0318', 'a0318', 1, 21.804, 1, 43608, 43608, 24, 2, 73.14505], ['a0319', 'a0319', 1, 36.0145, 1, 72029, 72029, 49, 4, 82.537636], ['a0320', 'a0320', 1, 35.8055, 1, 71611, 71611, 36, 4, 59.598095], ['a0321', 'a0321', 1, 30.6505, 1, 61301, 61301, 34, 3, 70.27922], ['a0322', 'a0322', 1, 30.8595, 1, 61719, 61719, 25, 3, 49.077377], ['a0323', 'a0323', -1, 20.6195, 1, 41239, 41239, 22, 2, 66.787735], ['a0324', 'a0324', 1, 36.502, 1, 73004, 73004, 50, 4, 83.95233], ['a0325', 'a0325', -1, 36.1535, 1, 72307, 72307, 36, 4, 62.159966], ['a0326', 'a0326', 1, 35.736, 1, 71472, 71472, 43, 4, 79.303566], ['a0327', 'a0327', 1, 35.666, 1, 71332, 71332, 39, 4, 68.46793], ['a0328', 'a0328', -1, 30.72, 1, 61440, 61440, 32, 3, 66.41038], ['a0329', 'a0329', -1, 36.1535, 1, 72307, 72307, 41, 4, 72.93051], ['a0330', 'a0330', -1, 35.666, 1, 71332, 71332, 36, 4, 67.73858], ['a0331', 'a0331', 1, 28.561, 1, 57122, 57122, 38, 3, 80.18789], ['a0332', 'a0332', -1, 36.084, 1, 72168, 72168, 42, 4, 73.68344], ['a0333', 'a0333', 1, 35.736, 1, 71472, 71472, 31, 4, 54.227882], ['a0334', 'a0334', -1, 35.666, 1, 71332, 71332, 41, 4, 69.56868], ['a0335', 'a0335', 1, 36.293, 1, 72586, 72586, 37, 4, 67.589455], ['a0336', 'a0336', 1, 12.7945, 1, 25589, 25589, 15, 1, 73.41099], ['a0337', 'a0337', -1, 30.8595, 1, 61719, 61719, 28, 3, 53.45452], ['a0338', 'a0338', 1, 35.875, 1, 71750, 71750, 28, 4, 47.530262], ['a0339', 'a0339', 1, 35.666, 1, 71332, 71332, 34, 4, 57.46926], ['a0340', 'a0340', -1, 35.5965, 1, 71193, 71193, 36, 4, 64.15257], ['a0341', 'a0341', 1, 33.3585, 1, 66717, 66717, 33, 4, 66.211845], ['a0342', 'a0342', -1, 31.138, 1, 62276, 62276, 35, 3, 71.06688], ['a0343', 'a0343', 1, 36.293, 1, 72586, 72586, 38, 4, 64.28001], ['a0344', 'a0344', 1, 35.5965, 1, 71193, 71193, 28, 4, 49.836113], ['a0345', 'a0345', 1, 35.5965, 1, 71193, 71193, 32, 4, 52.8283], ['a0346', 'a0346', 1, 35.5965, 1, 71193, 71193, 44, 4, 75.22537], ['a0347', 'a0347', 1, 20.689, 1, 41378, 41378, 28, 2, 83.14198], ['a0348', 'a0348', 1, 36.1535, 1, 72307, 72307, 37, 4, 66.94726], ['a0349', 'a0349', 1, 35.5965, 1, 71193, 71193, 33, 4, 66.18911], ['a0350', 'a0350', 1, 32.0785, 1, 64157, 64157, 33, 4, 65.74451], ['a0351', 'a0351', -1, 35.666, 1, 71332, 71332, 48, 4, 85.49335], ['a0352', 'a0352', -1, 36.293, 1, 72586, 72586, 38, 4, 69.99761], ['a0353', 'a0353', -1, 30.6505, 1, 61301, 61301, 27, 3, 55.98924], ['a0354', 'a0354', 1, 35.666, 1, 71332, 71332, 38, 4, 69.18422], ['a0355', 'a0355', -1, 36.2235, 1, 72447, 72447, 40, 4, 68.77461], ['a0356', 'a0356', 1, 35.666, 1, 71332, 71332, 35, 4, 58.62999], ['a0357', 'a0357', 1, 30.8595, 1, 61719, 61719, 31, 3, 64.90789], ['a0358', 'a0358', 1, 20.6195, 1, 41239, 41239, 26, 2, 74.39244], ['a0359', 'a0359', -1, 30.6505, 1, 61301, 61301, 32, 3, 65.99882], ['a0360', 'a0360', 1, 20.6195, 1, 41239, 41239, 29, 2, 82.97311], ['a0361', 'a0361', -1, 30.999, 1, 61998, 61998, 26, 3, 49.799564], ['a0362', 'a0362', 1, 35.875, 1, 71750, 71750, 27, 4, 51.261993], ['a0363', 'a0363', 1, 35.5965, 1, 71193, 71193, 42, 4, 76.261375], ['a0364', 'a0364', 1, 35.9445, 1, 71889, 71889, 43, 4, 75.685005], ['a0365', 'a0365', 1, 30.6505, 1, 61301, 61301, 46, 3, 89.83729], ['a0366', 'a0366', 1, 35.666, 1, 71332, 71332, 33, 4, 53.89407], ['a0367', 'a0367', 1, 35.5965, 1, 71193, 71193, 37, 4, 63.337967], ['a0368', 'a0368', 1, 30.72, 1, 61440, 61440, 32, 3, 70.61385], ['a0369', 'a0369', 1, 20.8285, 1, 41657, 41657, 22, 2, 70.03681], ['a0370', 'a0370', 1, 35.666, 1, 71332, 71332, 39, 4, 76.12843], ['a0371', 'a0371', 1, 20.968, 1, 41936, 41936, 25, 2, 79.935684], ['a0372', 'a0372', 1, 35.666, 1, 71332, 71332, 43, 4, 72.1257], ['a0373', 'a0373', 1, 30.6505, 1, 61301, 61301, 30, 3, 59.52095], ['a0374', 'a0374', 1, 35.8055, 1, 71611, 71611, 37, 4, 68.03729], ['a0375', 'a0375', 1, 30.8595, 1, 61719, 61719, 48, 3, 92.78248], ['a0376', 'a0376', 1, 35.8055, 1, 71611, 71611, 46, 4, 78.96026], ['a0377', 'a0377', 1, 36.293, 1, 72586, 72586, 34, 4, 68.57819], ['a0378', 'a0378', 1, 35.5965, 1, 71193, 71193, 39, 4, 70.72436], ['a0379', 'a0379', 1, 35.5965, 1, 71193, 71193, 39, 4, 72.87877], ['a0380', 'a0380', 1, 35.666, 1, 71332, 71332, 37, 4, 63.068996], ['a0381', 'a0381', 1, 35.736, 1, 71472, 71472, 37, 4, 63.5908], ['a0382', 'a0382', 1, 20.8285, 1, 41657, 41657, 22, 2, 65.58627], ['a0383', 'a0383', 1, 20.8285, 1, 41657, 41657, 30, 2, 89.05319], ['a0384', 'a0384', 1, 30.72, 1, 61440, 61440, 32, 3, 62.255924], ['a0385', 'a0385', -1, 20.968, 1, 41936, 41936, 25, 2, 71.96556], ['a0386', 'a0386', -1, 36.0145, 1, 72029, 72029, 33, 4, 66.0936], ['a0387', 'a0387', 1, 35.666, 1, 71332, 71332, 43, 4, 71.38663], ['a0388', 'a0388', 1, 35.5965, 1, 71193, 71193, 36, 4, 66.37491], ['a0389', 'a0389', 1, 36.2235, 1, 72447, 72447, 51, 4, 84.104065], ['a0390', 'a0390', 1, 35.736, 1, 71472, 71472, 47, 4, 78.18694], ['a0391', 'a0391', 1, 35.736, 1, 71472, 71472, 43, 4, 77.37422], ['a0392', 'a0392', 1, 35.666, 1, 71332, 71332, 46, 4, 78.05768], ['a0393', 'a0393', -1, 35.5965, 1, 71193, 71193, 41, 4, 72.74957], ['a0394', 'a0394', 1, 24.6915, 1, 49383, 49383, 22, 3, 52.62301], ['a0395', 'a0395', 1, 14.7855, 1, 29571, 29571, 15, 1, 62.55454], ['a0396', 'a0396', 1, 35.8055, 1, 71611, 71611, 48, 4, 81.25943], ['a0397', 'a0397', 1, 30.6505, 1, 61301, 61301, 34, 3, 71.60603], ['a0398', 'a0398', 1, 35.9445, 1, 71889, 71889, 42, 4, 69.18947], ['a0399', 'a0399', 1, 36.0145, 1, 72029, 72029, 52, 4, 86.06687], ['a0400', 'a0400', 1, 16.325, 1, 32650, 32650, 16, 2, 60.637558], ['a0401', 'a0401', -1, 36.2235, 1, 72447, 72447, 36, 4, 60.707073], ['a0402', 'a0402', 1, 36.293, 1, 72586, 72586, 49, 4, 86.86909], ['a0403', 'a0403', 1, 36.293, 1, 72586, 72586, 34, 4, 60.24085], ['a0404', 'a0404', 1, 30.79, 1, 61580, 61580, 27, 3, 53.01681], ['a0405', 'a0405', -1, 12.5305, 1, 25061, 25061, 14, 1, 68.14845], ['a0406', 'a0406', -1, 35.5965, 1, 71193, 71193, 35, 4, 60.773952], ['a0407', 'a0407', -1, 35.666, 1, 71332, 71332, 49, 4, 82.11022], ['a0408', 'a0408', -1, 30.581, 1, 61162, 61162, 34, 3, 66.29379], ['a0409', 'a0409', -1, 30.72, 1, 61440, 61440, 28, 3, 54.436283]]
[18872] *** Processing Signal 0 (1 / 409) [a0001] ***
[18872] *** Processing Signal 4 (5 / 409) [a0005] ***
[18872] *** Processing Signal 16 (17 / 409) [a0017] ***
[18872] *** Processing Signal 8 (9 / 409) [a0009] ***
[18872] *** Processing Signal 24 (25 / 409) [a0025] ***
[18872] *** Processing Signal 28 (29 / 409) [a0029] ***
[18872] *** Processing Signal 20 (21 / 409) [a0021] ***
[18872] *** Processing Signal 12 (13 / 409) [a0013] ***
[18872] *** Processing Signal 36 (37 / 409) [a0037] ***
[18872] *** Processing Signal 40 (41 / 409) [a0041] ***
[18872] *** Processing Signal 52 (53 / 409) [a0053] ***
[18872] *** Processing Signal 48 (49 / 409) [a0049] ***
[18872] *** Processing Signal 32 (33 / 409) [a0033] ***
[18872] *** Processing Signal 44 (45 / 409) [a0045] ***
[18872] *** Processing Signal 64 (65 / 409) [a0065] ***
[18872] *** Processing Signal 60 (61 / 409) [a0061] ***
[18872] *** Processing Signal 56 (57 / 409) [a0057] ***
[18872] *** Processing Signal 68 (69 / 409) [a0069] ***
[18872] *** Processing Signal 80 (81 / 409) [a0081] ***
[18872] *** Processing Signal 76 (77 / 409) [a0077] ***
[18872] *** Processing Signal 92 (93 / 409) [a0093] ***
[18872] *** Processing Signal 88 (89 / 409) [a0089] ***
[18872] *** Processing Signal 72 (73 / 409) [a0073] ***
[18872] *** Processing Signal 96 (97 / 409) [a0097] ***
[18872] *** Processing Signal 84 (85 / 409) [a0085] ***
[18872] *** Processing Signal 100 (101 / 409) [a0101] ***
[18872] *** Processing Signal 108 (109 / 409) [a0109] ***
[18872] *** Processing Signal 112 (113 / 409) [a0113] ***
[18872] *** Processing Signal 104 (105 / 409) [a0105] ***
[18872] * Processing ECG [a0085] *
[18872] * Processing ECG [a0093] *
[18872] * Processing ECG [a0041] *
[18872] * Processing ECG [a0057] *
[18872] * Processing ECG [a0005] *
[18872] * Processing ECG [a0049] *
[18872] * Processing ECG [a0097] *
[18872] * Processing ECG [a0077] *
[18872] * Processing ECG [a0069] *
[18872] * Processing ECG [a0053] *
[18872] * Processing ECG [a0109] *
[18872] * Processing ECG [a0009] *
[18872] * Processing ECG [a0013] *
[18872] * Processing ECG [a0021] *
[18872] * Processing ECG [a0065] *
[18872] * Processing ECG [a0025] *
[18872] * Processing ECG [a0081] *
[18872] * Processing ECG [a0061] *
[18872] * Processing ECG [a0045] *
[18872] * Processing ECG [a0029] *
[18872] * Processing ECG [a0073] *
[18872] * Processing ECG [a0033] *
[18872] * Processing ECG [a0105] *
[18872] * Processing ECG [a0017] *
[18872] * Processing ECG [a0037] *
[18872] * Processing ECG [a0001] *
[18872] * Processing ECG [a0113] *
[18872] * Processing ECG [a0101] *
[18872] * Processing ECG [a0089] *
[18872] ** Processing ECG Segment 0 (1 / 2) **
[18872] ** Processing ECG Segment 0 (1 / 3) **
[18872] ** Processing ECG Segment 0 (1 / 3) **
[18872] ** Processing ECG Segment 0 (1 / 3) **
[18872] ** Processing ECG Segment 0 (1 / 4) **
[18872] ** Processing ECG Segment 0 (1 / 3) **
[18872] ** Processing ECG Segment 0 (1 / 4) **
[18872] ** Processing ECG Segment 0 (1 / 4) **
[18872] ** Processing ECG Segment 1 (2 / 2) **
[18872] ** Processing ECG Segment 0 (1 / 3) **
[18872] ** Processing ECG Segment 0 (1 / 3) **
[18872] ** Processing ECG Segment 0 (1 / 4) **
[18872] ** Processing ECG Segment 0 (1 / 4) **
[18872] ** Processing ECG Segment 0 (1 / 3) **
[18872] ** Processing ECG Segment 0 (1 / 4) **
[18872] ** Processing ECG Segment 0 (1 / 4) **
[18872] ** Processing ECG Segment 0 (1 / 3) **
[18872] ** Processing ECG Segment 0 (1 / 4) **
[18872] ** Processing ECG Segment 0 (1 / 4) **
[18872] ** Processing ECG Segment 0 (1 / 4) **
[18872] ** Processing ECG Segment 0 (1 / 4) **
[18872] ** Processing ECG Segment 0 (1 / 4) **
[18872] ** Processing ECG Segment 0 (1 / 4) **
[18872] ** Processing ECG Segment 0 (1 / 4) **
[18872] ** Processing ECG Segment 0 (1 / 4) **
[18872] ** Processing ECG Segment 0 (1 / 4) **
[18872] ** Processing ECG Segment 0 (1 / 4) **
[18872] ** Processing ECG Segment 1 (2 / 3) **
[18872] ** Processing ECG Segment 1 (2 / 3) **
[18872] ** Processing ECG Segment 0 (1 / 4) **
[18872] ** Processing ECG Segment 1 (2 / 3) **
[18872] ** Processing ECG Segment 0 (1 / 4) **
[18872] ** Processing ECG Segment 1 (2 / 4) **
[18872] ** Processing ECG Segment 0 (1 / 4) **
[18872] ** Processing ECG Segment 1 (2 / 4) **
[18872] ** Processing ECG Segment 1 (2 / 4) **
[18872] ** Processing ECG Segment 1 (2 / 3) **
[18872] ** Processing ECG Segment 1 (2 / 3) **
[18872] ** Processing ECG Segment 1 (2 / 4) **
[18872] ** Processing ECG Segment 1 (2 / 4) **
[18872] ** Processing ECG Segment 1 (2 / 4) **
[18872] ** Processing ECG Segment 1 (2 / 4) **
[18872] ** Processing ECG Segment 1 (2 / 4) **
[18872] ** Processing ECG Segment 1 (2 / 3) **
[18872] ** Processing ECG Segment 1 (2 / 3) **
[18872] ** Processing ECG Segment 1 (2 / 4) **
[18872] ** Processing ECG Segment 1 (2 / 4) **
[18872] * Processing PCG [a0089] *
[18872] ** Processing ECG Segment 1 (2 / 4) **
[18872] ** Processing ECG Segment 1 (2 / 4) **
[18872] ** Processing ECG Segment 1 (2 / 4) **
[18872] ** Processing ECG Segment 1 (2 / 4) **
[18872] ** Processing ECG Segment 1 (2 / 4) **
[18872] ** Processing ECG Segment 1 (2 / 4) **
[18872] ** Processing ECG Segment 1 (2 / 4) **
[18872] ** Processing ECG Segment 1 (2 / 3) **
[18872] ** Processing ECG Segment 2 (3 / 3) **
[18872] ** Processing ECG Segment 2 (3 / 3) **
[18872] ** Processing ECG Segment 2 (3 / 4) **
[18872] ** Processing ECG Segment 1 (2 / 4) **
[18872] ** Processing ECG Segment 1 (2 / 4) **
[18872] ** Processing ECG Segment 2 (3 / 3) **
[18872] ** Processing ECG Segment 2 (3 / 4) **
[18872] ** Processing ECG Segment 1 (2 / 4) **
[18872] ** Processing ECG Segment 2 (3 / 4) **
[18872] ** Processing ECG Segment 2 (3 / 3) **
[18872] ** Processing ECG Segment 2 (3 / 3) **
[18872] ** Processing ECG Segment 2 (3 / 4) **
[18872] ** Processing ECG Segment 2 (3 / 4) **
[18872] ** Processing ECG Segment 2 (3 / 4) **
[18872] ** Processing ECG Segment 2 (3 / 4) **
[18872] ** Processing ECG Segment 2 (3 / 4) **
[18872] ** Processing ECG Segment 2 (3 / 4) **
[18872] ** Processing ECG Segment 2 (3 / 4) **
[18872] ** Processing ECG Segment 2 (3 / 4) **
[18872] ** Processing ECG Segment 2 (3 / 3) **
[18872] ** Processing ECG Segment 2 (3 / 4) **
[18872] ** Processing ECG Segment 2 (3 / 4) **
[18872] ** Processing ECG Segment 2 (3 / 4) **
[18872] ** Processing ECG Segment 2 (3 / 3) **
[18872] ** Processing ECG Segment 3 (4 / 4) **
[18872] ** Processing ECG Segment 2 (3 / 4) **
[18872] ** Processing ECG Segment 2 (3 / 4) **
[18872] ** Processing ECG Segment 2 (3 / 4) **
[18872] ** Processing ECG Segment 2 (3 / 4) **
[18872] * Processing PCG [a0085] *
[18872] * Processing PCG [a0069] *
[18872] ** Processing ECG Segment 2 (3 / 3) **
[18872] ** Processing ECG Segment 2 (3 / 4) **
[18872] ** Processing ECG Segment 3 (4 / 4) **
[18872] ** Processing ECG Segment 3 (4 / 4) **
[18872] * Processing PCG [a0109] *
[18872] * Processing PCG [a0093] *
[18872] ** Processing ECG Segment 2 (3 / 4) **
[18872] ** Processing ECG Segment 3 (4 / 4) **
[18872] * Processing PCG [a0025] *
[18872] ** Processing ECG Segment 3 (4 / 4) **
[18872] ** Processing ECG Segment 3 (4 / 4) **
[18872] ** Processing ECG Segment 3 (4 / 4) **
[18872] ** Processing ECG Segment 3 (4 / 4) **
[18872] ** Processing ECG Segment 3 (4 / 4) **
[18872] ** Processing ECG Segment 3 (4 / 4) **
[18872] ** Processing ECG Segment 3 (4 / 4) **
[18872] ** Processing ECG Segment 3 (4 / 4) **
[18872] ** Processing ECG Segment 3 (4 / 4) **
[18872] * Processing PCG [a0017] *
[18872] * Processing PCG [a0049] *
[18872] ** Processing ECG Segment 3 (4 / 4) **
[18872] ** Processing ECG Segment 3 (4 / 4) **
[18872] ** Processing ECG Segment 3 (4 / 4) **
[18872] ** Processing ECG Segment 3 (4 / 4) **
[18872] * Processing PCG [a0061] *
[18872] * Processing PCG [a0029] *
[18872] * Processing PCG [a0001] *
[18872] ** Processing ECG Segment 3 (4 / 4) **
[18872] ** Processing ECG Segment 3 (4 / 4) **
[18872] * Processing PCG [a0021] *
[18872] ** Processing ECG Segment 3 (4 / 4) **
[18872] * Processing PCG [a0073] *
[18872] * Processing PCG [a0009] *
[18872] * Processing PCG [a0013] *
[18872] * Processing PCG [a0113] *
[18872] * Processing PCG [a0097] *
[18872] * Processing PCG [a0105] *
[18872] * Processing PCG [a0065] *
[18872] * Processing PCG [a0101] *
[18872] ** Processing ECG Segment 0 (1 / 2) **
[18872] * Processing PCG [a0081] *
[18872] * Processing PCG [a0077] *
[18872] * Processing PCG [a0005] *
[18872] * Processing PCG [a0041] *
[18872] * Processing PCG [a0033] *
[18872] * Processing PCG [a0057] *
[18872] * Processing PCG [a0053] *
[18872] * Processing PCG [a0045] *
[18872] * Processing PCG [a0037] *
[18872] ** Processing ECG Segment 1 (2 / 2) **
[18872] *** Processing Signal 116 (117 / 409) [a0117] ***
[18872] * Processing ECG [a0117] *
[18872] *** Processing Signal 120 (121 / 409) [a0121] ***
[18872] * Processing ECG [a0121] *
[18872] *** Processing Signal 124 (125 / 409) [a0125] ***
[18872] *** Processing Signal 128 (129 / 409) [a0129] ***
[18872] * Processing ECG [a0125] *
[18872] * Processing ECG [a0129] *
[18872] ** Processing ECG Segment 0 (1 / 3) **
[18872] ** Processing ECG Segment 0 (1 / 3) **
[18872] *** Processing Signal 132 (133 / 409) [a0133] ***
[18872] * Processing ECG [a0133] *
[18872] *** Processing Signal 89 (90 / 409) [a0090] ***
[18872] *** Processing Signal 136 (137 / 409) [a0137] ***
[18872] * Processing ECG [a0090] *
[18872] ** Processing ECG Segment 0 (1 / 3) **
[18872] * Processing ECG [a0137] *
[18872] ** Processing ECG Segment 0 (1 / 3) **
[18872] *** Processing Signal 140 (141 / 409) [a0141] ***
[18872] * Processing ECG [a0141] *
[18872] ** Processing ECG Segment 0 (1 / 4) **
[18872] *** Processing Signal 144 (145 / 409) [a0145] ***
[18872] ** Processing ECG Segment 0 (1 / 4) **
[18872] * Processing ECG [a0145] *
[18872] ** Processing ECG Segment 1 (2 / 3) **
[18872] ** Processing ECG Segment 0 (1 / 4) **
[18872] ** Processing ECG Segment 1 (2 / 3) **
[18872] ** Processing ECG Segment 0 (1 / 4) **
[18872] ** Processing ECG Segment 0 (1 / 4) **
[18872] ** Processing ECG Segment 0 (1 / 4) **
[18872] ** Processing ECG Segment 0 (1 / 4) **
[18872] ** Processing ECG Segment 0 (1 / 4) **
[18872] ** Processing ECG Segment 0 (1 / 4) **
[18872] ** Processing ECG Segment 0 (1 / 4) **
[18872] ** Processing ECG Segment 0 (1 / 4) **
[18872] ** Processing ECG Segment 0 (1 / 4) **
[18872] ** Processing ECG Segment 0 (1 / 4) **
[18872] ** Processing ECG Segment 1 (2 / 3) **
[18872] ** Processing ECG Segment 1 (2 / 3) **
[18872] ** Processing ECG Segment 0 (1 / 4) **
[18872] ** Processing ECG Segment 1 (2 / 4) **
[18872] ** Processing ECG Segment 0 (1 / 4) **
[18872] *** Processing Signal 148 (149 / 409) [a0149] ***
[18872] ** Processing ECG Segment 0 (1 / 2) **
[18872] ** Processing ECG Segment 0 (1 / 4) **
[18872] ** Processing ECG Segment 1 (2 / 4) **
[18872] *** Processing Signal 152 (153 / 409) [a0153] ***
[18872] * Processing ECG [a0149] *
[18872] * Processing ECG [a0153] *
[18872] ** Processing ECG Segment 0 (1 / 4) **
[18872] ** Processing ECG Segment 0 (1 / 4) **
[18872] ** Processing ECG Segment 1 (2 / 4) **
[18872] ** Processing ECG Segment 1 (2 / 4) **
[18872] *** Processing Signal 156 (157 / 409) [a0157] ***
[18872] ** Processing ECG Segment 1 (2 / 4) **
[18872] ** Processing ECG Segment 2 (3 / 3) **
[18872] ** Processing ECG Segment 1 (2 / 2) **
[18872] * Processing ECG [a0157] *
[18872] ** Processing ECG Segment 1 (2 / 4) **
[18872] ** Processing ECG Segment 1 (2 / 4) **
[18872] ** Processing ECG Segment 0 (1 / 4) **
[18872] ** Processing ECG Segment 1 (2 / 4) **
[18872] ** Processing ECG Segment 2 (3 / 3) **
[18872] ** Processing ECG Segment 1 (2 / 4) **
[18872] ** Processing ECG Segment 1 (2 / 4) **
[18872] ** Processing ECG Segment 1 (2 / 4) **
[18872] ** Processing ECG Segment 1 (2 / 4) **
[18872] ** Processing ECG Segment 1 (2 / 4) **
[18872] ** Processing ECG Segment 0 (1 / 3) **
[18872] ** Processing ECG Segment 2 (3 / 3) **
[18872] ** Processing ECG Segment 2 (3 / 3) **
[18872] ** Processing ECG Segment 1 (2 / 4) **
[18872] ** Processing ECG Segment 2 (3 / 4) **
[18872] *** Processing Signal 160 (161 / 409) [a0161] ***
[18872] ** Processing ECG Segment 1 (2 / 4) **
[18872] ** Processing ECG Segment 2 (3 / 4) **
[18872] ** Processing ECG Segment 1 (2 / 4) **
[18872] ** Processing ECG Segment 1 (2 / 4) **
[18872] * Processing ECG [a0161] *
[18872] ** Processing ECG Segment 0 (1 / 4) **
[18872] ** Processing ECG Segment 0 (1 / 4) **
[18872] * Processing PCG [a0090] *
[18872] *** Processing Signal 164 (165 / 409) [a0165] ***
[18872] ** Processing ECG Segment 1 (2 / 4) **
[18872] ** Processing ECG Segment 2 (3 / 4) **
[18872] ** Processing ECG Segment 1 (2 / 3) **
[18872] * Processing ECG [a0165] *
[18872] ** Processing ECG Segment 1 (2 / 4) **
[18872] ** Processing ECG Segment 3 (4 / 4) **
[18872] ** Processing ECG Segment 2 (3 / 4) **
[18872] ** Processing ECG Segment 2 (3 / 4) **
[18872] ** Processing ECG Segment 3 (4 / 4) **
[18872] *** Processing Signal 168 (169 / 409) [a0169] ***
[18872] *** Processing Signal 93 (94 / 409) [a0094] ***
[18872] ** Processing ECG Segment 2 (3 / 4) **
[18872] ** Processing ECG Segment 1 (2 / 4) **
[18872] ** Processing ECG Segment 1 (2 / 4) **
[18872] ** Processing ECG Segment 2 (3 / 4) **
[18872] ** Processing ECG Segment 2 (3 / 4) **
[18872] * Processing ECG [a0094] *
[18872] *** Processing Signal 85 (86 / 409) [a0086] ***
[18872] * Processing ECG [a0169] *
[18872] ** Processing ECG Segment 3 (4 / 4) **
[18872] ** Processing ECG Segment 2 (3 / 4) **
[18872] ** Processing ECG Segment 2 (3 / 4) **
[18872] ** Processing ECG Segment 2 (3 / 4) **
[18872] ** Processing ECG Segment 2 (3 / 3) **
[18872] * Processing ECG [a0086] *
[18872] ** Processing ECG Segment 0 (1 / 3) **
[18872] ** Processing ECG Segment 2 (3 / 4) **
[18872] ** Processing ECG Segment 2 (3 / 4) **
[18872] *** Processing Signal 29 (30 / 409) [a0030] ***
[18872] ** Processing ECG Segment 2 (3 / 4) **
[18872] *** Processing Signal 61 (62 / 409) [a0062] ***
[18872] ** Processing ECG Segment 3 (4 / 4) **
[18872] * Processing PCG [a0121] *
[18872] * Processing ECG [a0062] *
[18872] * Processing PCG [a0117] *
[18872] * Processing ECG [a0030] *
[18872] ** Processing ECG Segment 2 (3 / 4) **
[18872] ** Processing ECG Segment 0 (1 / 4) **
[18872] ** Processing ECG Segment 2 (3 / 4) **
[18872] ** Processing ECG Segment 1 (2 / 3) **
[18872] ** Processing ECG Segment 3 (4 / 4) **
[18872] ** Processing ECG Segment 2 (3 / 4) **
[18872] ** Processing ECG Segment 3 (4 / 4) **
[18872] * Processing PCG [a0125] *
[18872] ** Processing ECG Segment 0 (1 / 4) **
[18872] * Processing PCG [a0141] *
[18872] ** Processing ECG Segment 3 (4 / 4) **
[18872] *** Processing Signal 172 (173 / 409) [a0173] ***
[18872] ** Processing ECG Segment 3 (4 / 4) **
[18872] ** Processing ECG Segment 1 (2 / 4) **
[18872] * Processing ECG [a0173] *
[18872] * Processing PCG [a0129] *
[18872] ** Processing ECG Segment 3 (4 / 4) **
[18872] ** Processing ECG Segment 3 (4 / 4) **
[18872] ** Processing ECG Segment 3 (4 / 4) **
[18872] ** Processing ECG Segment 3 (4 / 4) **
[18872] ** Processing ECG Segment 3 (4 / 4) **
[18872] ** Processing ECG Segment 2 (3 / 3) **
[18872] ** Processing ECG Segment 0 (1 / 4) **
[18872] ** Processing ECG Segment 0 (1 / 3) **
[18872] ** Processing ECG Segment 1 (2 / 4) **
[18872] ** Processing ECG Segment 3 (4 / 4) **
[18872] ** Processing ECG Segment 3 (4 / 4) **
[18872] * Processing PCG [a0133] *
[18872] *** Processing Signal 176 (177 / 409) [a0177] ***
[18872] ** Processing ECG Segment 0 (1 / 2) **
[18872] * Processing ECG [a0177] *
[18872] * Processing PCG [a0145] *
[18872] ** Processing ECG Segment 2 (3 / 4) **
[18872] ** Processing ECG Segment 1 (2 / 4) **
[18872] *** Processing Signal 180 (181 / 409) [a0181] ***
[18872] * Processing PCG [a0137] *
[18872] ** Processing ECG Segment 1 (2 / 3) **
[18872] ** Processing ECG Segment 0 (1 / 4) **
[18872] * Processing ECG [a0181] *
[18872] ** Processing ECG Segment 2 (3 / 4) **
[18872] ** Processing ECG Segment 3 (4 / 4) **
[18872] * Processing PCG [a0153] *
[18872] ** Processing ECG Segment 0 (1 / 4) **
[18872] *** Processing Signal 81 (82 / 409) [a0082] ***
[18872] *** Processing Signal 184 (185 / 409) [a0185] ***
[18872] * Processing ECG [a0185] *
[18872] ** Processing ECG Segment 3 (4 / 4) **
[18872] * Processing ECG [a0082] *
[18872] ** Processing ECG Segment 0 (1 / 2) **
[18872] ** Processing ECG Segment 2 (3 / 4) **
[18872] ** Processing ECG Segment 2 (3 / 3) **
[18872] *** Processing Signal 41 (42 / 409) [a0042] ***
[18872] *** Processing Signal 65 (66 / 409) [a0066] ***
[18872] ** Processing ECG Segment 1 (2 / 4) **
[18872] *** Processing Signal 57 (58 / 409) [a0058] ***
[18872] ** Processing ECG Segment 0 (1 / 4) **
[18872] * Processing ECG [a0066] *
[18872] ** Processing ECG Segment 1 (2 / 2) **
[18872] ** Processing ECG Segment 3 (4 / 4) **
[18872] * Processing ECG [a0042] *
[18872] *** Processing Signal 33 (34 / 409) [a0034] ***
[18872] ** Processing ECG Segment 0 (1 / 4) **
[18872] ** Processing ECG Segment 1 (2 / 4) **
[18872] * Processing ECG [a0034] *
[18872] *** Processing Signal 188 (189 / 409) [a0189] ***
[18872] ** Processing ECG Segment 3 (4 / 4) **
[18872] * Processing PCG [a0149] *
[18872] ** Processing ECG Segment 1 (2 / 2) **
[18872] * Processing ECG [a0189] *
[18872] ** Processing ECG Segment 2 (3 / 4) **
[18872] ** Processing ECG Segment 0 (1 / 4) **
[18872] *** Processing Signal 37 (38 / 409) [a0038] ***
[18872] * Processing PCG [a0165] *
[18872] ** Processing ECG Segment 1 (2 / 4) **
[18872] ** Processing ECG Segment 1 (2 / 4) **
[18872] * Processing PCG [a0157] *
[18872] * Processing ECG [a0038] *
[18872] ** Processing ECG Segment 2 (3 / 4) **
[18872] * Processing PCG [a0173] *
[18872] * Processing PCG [a0161] *
[18872] ** Processing ECG Segment 0 (1 / 4) **
[18872] ** Processing ECG Segment 0 (1 / 3) **
[18872] ** Processing ECG Segment 3 (4 / 4) **
[18872] *** Processing Signal 192 (193 / 409) [a0193] ***
[18872] ** Processing ECG Segment 0 (1 / 4) **
[18872] *** Processing Signal 90 (91 / 409) [a0091] ***
[18872] ** Processing ECG Segment 0 (1 / 4) **
[18872] ** Processing ECG Segment 1 (2 / 4) **
[18872] * Processing ECG [a0193] *
[18872] * Processing ECG [a0091] *
[18872] *** Processing Signal 196 (197 / 409) [a0197] ***
[18872] * Processing ECG [a0197] *
[18872] ** Processing ECG Segment 0 (1 / 4) **
[18872] ** Processing ECG Segment 2 (3 / 4) **
[18872] ** Processing ECG Segment 0 (1 / 3) **
[18872] ** Processing ECG Segment 0 (1 / 4) **
[18872] ** Processing ECG Segment 0 (1 / 4) **
[18872] ** Processing ECG Segment 1 (2 / 4) **
[18872] * Processing PCG [a0169] *
[18872] *** Processing Signal 200 (201 / 409) [a0201] ***
[18872] ** Processing ECG Segment 2 (3 / 4) **
[18872] * Processing ECG [a0201] *
[18872] ** Processing ECG Segment 1 (2 / 4) **
[18872] ** Processing ECG Segment 0 (1 / 4) **
[18872] ** Processing ECG Segment 0 (1 / 4) **
[18872] ** Processing ECG Segment 0 (1 / 4) **
[18872] ** Processing ECG Segment 1 (2 / 3) **
[18872] ** Processing ECG Segment 1 (2 / 4) **
[18872] *** Processing Signal 204 (205 / 409) [a0205] ***
[18872] ** Processing ECG Segment 1 (2 / 4) **
[18872] ** Processing ECG Segment 1 (2 / 4) **
[18872] * Processing ECG [a0205] *
[18872] ** Processing ECG Segment 0 (1 / 3) **
[18872] ** Processing ECG Segment 1 (2 / 3) **
[18872] ** Processing ECG Segment 0 (1 / 4) **
[18872] ** Processing ECG Segment 0 (1 / 3) **
[18872] ** Processing ECG Segment 0 (1 / 4) **
[18872] ** Processing ECG Segment 2 (3 / 4) **
[18872] *** Processing Signal 208 (209 / 409) [a0209] ***
[18872] ** Processing ECG Segment 1 (2 / 4) **
[18872] ** Processing ECG Segment 0 (1 / 4) **
[18872] ** Processing ECG Segment 0 (1 / 4) **
[18872] * Processing ECG [a0209] *
[18872] *** Processing Signal 212 (213 / 409) [a0213] ***
[18872] ** Processing ECG Segment 2 (3 / 4) **
[18872] ** Processing ECG Segment 2 (3 / 4) **
[18872] ** Processing ECG Segment 0 (1 / 2) **
[18872] * Processing ECG [a0213] *
[18872] ** Processing ECG Segment 1 (2 / 3) **
[18872] ** Processing ECG Segment 2 (3 / 4) **
[18872] ** Processing ECG Segment 1 (2 / 4) **
[18872] ** Processing ECG Segment 3 (4 / 4) **
[18872] ** Processing ECG Segment 0 (1 / 4) **
[18872] ** Processing ECG Segment 1 (2 / 4) **
[18872] ** Processing ECG Segment 2 (3 / 4) **
[18872] ** Processing ECG Segment 1 (2 / 3) **
[18872] *** Processing Signal 216 (217 / 409) [a0217] ***
[18872] ** Processing ECG Segment 2 (3 / 3) **
[18872] ** Processing ECG Segment 1 (2 / 4) **
[18872] ** Processing ECG Segment 1 (2 / 4) **
[18872] * Processing ECG [a0217] *
[18872] ** Processing ECG Segment 0 (1 / 4) **
[18872] ** Processing ECG Segment 0 (1 / 3) **
[18872] ** Processing ECG Segment 0 (1 / 3) **
[18872] ** Processing ECG Segment 0 (1 / 4) **
[18872] ** Processing ECG Segment 3 (4 / 4) **
[18872] ** Processing ECG Segment 3 (4 / 4) **
[18872] *** Processing Signal 220 (221 / 409) [a0221] ***
[18872] ** Processing ECG Segment 0 (1 / 2) **
[18872] ** Processing ECG Segment 0 (1 / 3) **
[18872] * Processing ECG [a0221] *
[18872] ** Processing ECG Segment 2 (3 / 4) **
[18872] * Processing PCG [a0177] *
[18872] ** Processing ECG Segment 1 (2 / 4) **
[18872] ** Processing ECG Segment 1 (2 / 4) **
[18872] *** Processing Signal 224 (225 / 409) [a0225] ***
[18872] ** Processing ECG Segment 1 (2 / 2) **
[18872] ** Processing ECG Segment 2 (3 / 4) **
[18872] ** Processing ECG Segment 1 (2 / 4) **
[18872] ** Processing ECG Segment 1 (2 / 3) **
[18872] ** Processing ECG Segment 1 (2 / 3) **
[18872] ** Processing ECG Segment 0 (1 / 4) **
[18872] ** Processing ECG Segment 1 (2 / 2) **
[18872] ** Processing ECG Segment 0 (1 / 4) **
[18872] ** Processing ECG Segment 2 (3 / 4) **
[18872] * Processing PCG [a0181] *
[18872] * Processing ECG [a0225] *
[18872] * Processing PCG [a0185] *
[18872] ** Processing ECG Segment 2 (3 / 4) **
[18872] *** Processing Signal 141 (142 / 409) [a0142] ***
[18872] ** Processing ECG Segment 2 (3 / 4) **
[18872] ** Processing ECG Segment 2 (3 / 3) **
[18872] ** Processing ECG Segment 3 (4 / 4) **
[18872] * Processing ECG [a0142] *
[18872] ** Processing ECG Segment 1 (2 / 4) **
[18872] ** Processing ECG Segment 2 (3 / 4) **
[18872] ** Processing ECG Segment 0 (1 / 4) **
[18872] *** Processing Signal 228 (229 / 409) [a0229] ***
[18872] ** Processing ECG Segment 1 (2 / 3) **
[18872] ** Processing ECG Segment 2 (3 / 4) **
[18872] ** Processing ECG Segment 3 (4 / 4) **
[18872] ** Processing ECG Segment 3 (4 / 4) **
[18872] ** Processing ECG Segment 1 (2 / 4) **
[18872] * Processing ECG [a0229] *
[18872] ** Processing ECG Segment 2 (3 / 3) **
[18872] ** Processing ECG Segment 2 (3 / 3) **
[18872] * Processing PCG [a0205] *
[18872] ** Processing ECG Segment 2 (3 / 4) **
[18872] ** Processing ECG Segment 0 (1 / 4) **
[18872] ** Processing ECG Segment 0 (1 / 4) **
[18872] *** Processing Signal 232 (233 / 409) [a0233] ***
[18872] *** Processing Signal 173 (174 / 409) [a0174] ***
[18872] ** Processing ECG Segment 0 (1 / 4) **
[18872] ** Processing ECG Segment 2 (3 / 4) **
[18872] ** Processing ECG Segment 1 (2 / 4) **
[18872] ** Processing ECG Segment 3 (4 / 4) **
[18872] * Processing ECG [a0174] *
[18872] * Processing ECG [a0233] *
[18872] * Processing PCG [a0193] *
[18872] ** Processing ECG Segment 3 (4 / 4) **
[18872] ** Processing ECG Segment 3 (4 / 4) **
[18872] ** Processing ECG Segment 3 (4 / 4) **
[18872] *** Processing Signal 153 (154 / 409) [a0154] ***
[18872] * Processing PCG [a0189] *
[18872] ** Processing ECG Segment 2 (3 / 4) **
[18872] *** Processing Signal 117 (118 / 409) [a0118] ***
[18872] * Processing ECG [a0154] *
[18872] ** Processing ECG Segment 1 (2 / 4) **
[18872] ** Processing ECG Segment 0 (1 / 4) **
[18872] * Processing ECG [a0118] *
[18872] ** Processing ECG Segment 1 (2 / 4) **
[18872] ** Processing ECG Segment 0 (1 / 4) **
[18872] ** Processing ECG Segment 1 (2 / 4) **
[18872] *** Processing Signal 236 (237 / 409) [a0237] ***
[18872] *** Processing Signal 125 (126 / 409) [a0126] ***
[18872] ** Processing ECG Segment 2 (3 / 3) **
[18872] * Processing ECG [a0237] *
[18872] ** Processing ECG Segment 3 (4 / 4) **
[18872] * Processing PCG [a0197] *
[18872] ** Processing ECG Segment 3 (4 / 4) **
[18872] ** Processing ECG Segment 2 (3 / 4) **
[18872] * Processing ECG [a0126] *
[18872] ** Processing ECG Segment 0 (1 / 4) **
[18872] ** Processing ECG Segment 1 (2 / 4) **
[18872] ** Processing ECG Segment 1 (2 / 4) **
[18872] ** Processing ECG Segment 1 (2 / 4) **
[18872] ** Processing ECG Segment 0 (1 / 3) **
[18872] ** Processing ECG Segment 2 (3 / 4) **
[18872] *** Processing Signal 240 (241 / 409) [a0241] ***
[18872] ** Processing ECG Segment 2 (3 / 4) **
[18872] ** Processing ECG Segment 3 (4 / 4) **
[18872] *** Processing Signal 145 (146 / 409) [a0146] ***
[18872] * Processing ECG [a0241] *
[18872] ** Processing ECG Segment 0 (1 / 4) **
[18872] * Processing PCG [a0201] *
[18872] * Processing ECG [a0146] *
[18872] ** Processing ECG Segment 1 (2 / 4) **
[18872] ** Processing ECG Segment 3 (4 / 4) **
[18872] ** Processing ECG Segment 2 (3 / 4) **
[18872] ** Processing ECG Segment 2 (3 / 4) **
[18872] ** Processing ECG Segment 2 (3 / 4) **
[18872] ** Processing ECG Segment 0 (1 / 2) **
[18872] *** Processing Signal 244 (245 / 409) [a0245] ***
[18872] ** Processing ECG Segment 0 (1 / 2) **
[18872] ** Processing ECG Segment 3 (4 / 4) **
[18872] ** Processing ECG Segment 1 (2 / 3) **
[18872] * Processing ECG [a0245] *
[18872] ** Processing ECG Segment 0 (1 / 4) **
[18872] ** Processing ECG Segment 0 (1 / 4) **
[18872] * Processing PCG [a0213] *
[18872] *** Processing Signal 248 (249 / 409) [a0249] ***
[18872] ** Processing ECG Segment 0 (1 / 4) **
[18872] ** Processing ECG Segment 3 (4 / 4) **
[18872] * Processing ECG [a0249] *
[18872] ** Processing ECG Segment 2 (3 / 3) **
[18872] *** Processing Signal 252 (253 / 409) [a0253] ***
[18872] ** Processing ECG Segment 3 (4 / 4) **
[18872] ** Processing ECG Segment 2 (3 / 4) **
[18872] ** Processing ECG Segment 3 (4 / 4) **
[18872] ** Processing ECG Segment 1 (2 / 2) **
[18872] ** Processing ECG Segment 2 (3 / 4) **
[18872] * Processing ECG [a0253] *
[18872] ** Processing ECG Segment 1 (2 / 4) **
[18872] * Processing PCG [a0209] *
[18872] *** Processing Signal 149 (150 / 409) [a0150] ***
[18872] ** Processing ECG Segment 0 (1 / 4) **
[18872] ** Processing ECG Segment 0 (1 / 3) **
[18872] ** Processing ECG Segment 3 (4 / 4) **
[18872] ** Processing ECG Segment 1 (2 / 4) **
[18872] * Processing ECG [a0150] *
[18872] ** Processing ECG Segment 0 (1 / 4) **
[18872] ** Processing ECG Segment 3 (4 / 4) **
[18872] ** Processing ECG Segment 1 (2 / 2) **
[18872] * Processing PCG [a0229] *
[18872] ** Processing ECG Segment 1 (2 / 4) **
[18872] ** Processing ECG Segment 0 (1 / 3) **
[18872] ** Processing ECG Segment 1 (2 / 4) **
[18872] ** Processing ECG Segment 2 (3 / 4) **
[18872] * Processing PCG [a0221] *
[18872] * Processing PCG [a0217] *
[18872] * Processing PCG [a0174] *
[18872] ** Processing ECG Segment 2 (3 / 4) **
[18872] *** Processing Signal 256 (257 / 409) [a0257] ***
[18872] ** Processing ECG Segment 0 (1 / 4) **
[18872] ** Processing ECG Segment 0 (1 / 4) **
[18872] ** Processing ECG Segment 1 (2 / 3) **
[18872] ** Processing ECG Segment 1 (2 / 4) **
[18872] * Processing ECG [a0257] *
[18872] *** Processing Signal 260 (261 / 409) [a0261] ***
[18872] * Processing PCG [a0225] *
[18872] ** Processing ECG Segment 0 (1 / 4) **
[18872] * Processing ECG [a0261] *
[18872] ** Processing ECG Segment 3 (4 / 4) **
[18872] ** Processing ECG Segment 0 (1 / 3) **
[18872] ** Processing ECG Segment 1 (2 / 4) **
[18872] ** Processing ECG Segment 3 (4 / 4) **
[18872] ** Processing ECG Segment 0 (1 / 4) **
[18872] *** Processing Signal 264 (265 / 409) [a0265] ***
[18872] ** Processing ECG Segment 3 (4 / 4) **
[18872] ** Processing ECG Segment 2 (3 / 4) **
[18872] ** Processing ECG Segment 1 (2 / 4) **
[18872] ** Processing ECG Segment 1 (2 / 4) **
[18872] * Processing ECG [a0265] *
[18872] ** Processing ECG Segment 0 (1 / 4) **
[18872] ** Processing ECG Segment 2 (3 / 4) **
[18872] ** Processing ECG Segment 1 (2 / 3) **
[18872] ** Processing ECG Segment 2 (3 / 3) **
[18872] *** Processing Signal 205 (206 / 409) [a0206] ***
[18872] ** Processing ECG Segment 2 (3 / 4) **
[18872] *** Processing Signal 268 (269 / 409) [a0269] ***
[18872] * Processing ECG [a0206] *
[18872] * Processing ECG [a0269] *
[18872] ** Processing ECG Segment 1 (2 / 3) **
[18872] ** Processing ECG Segment 1 (2 / 4) **
[18872] ** Processing ECG Segment 1 (2 / 4) **
[18872] ** Processing ECG Segment 0 (1 / 4) **
[18872] ** Processing ECG Segment 0 (1 / 4) **
[18872] ** Processing ECG Segment 2 (3 / 4) **
[18872] ** Processing ECG Segment 3 (4 / 4) **
[18872] * Processing PCG [a0233] *
[18872] *** Processing Signal 272 (273 / 409) [a0273] ***
[18872] ** Processing ECG Segment 2 (3 / 4) **
[18872] * Processing ECG [a0273] *
[18872] ** Processing ECG Segment 0 (1 / 4) **
[18872] ** Processing ECG Segment 2 (3 / 3) **
[18872] ** Processing ECG Segment 2 (3 / 4) **
[18872] *** Processing Signal 276 (277 / 409) [a0277] ***
[18872] ** Processing ECG Segment 1 (2 / 4) **
[18872] * Processing ECG [a0277] *
[18872] ** Processing ECG Segment 0 (1 / 4) **
[18872] *** Processing Signal 280 (281 / 409) [a0281] ***
[18872] ** Processing ECG Segment 0 (1 / 2) **
[18872] ** Processing ECG Segment 2 (3 / 3) **
[18872] ** Processing ECG Segment 1 (2 / 4) **
[18872] ** Processing ECG Segment 0 (1 / 4) **
[18872] ** Processing ECG Segment 3 (4 / 4) **
[18872] ** Processing ECG Segment 0 (1 / 2) **
[18872] ** Processing ECG Segment 3 (4 / 4) **
[18872] ** Processing ECG Segment 1 (2 / 4) **
[18872] * Processing ECG [a0281] *
[18872] ** Processing ECG Segment 3 (4 / 4) **
[18872] * Processing PCG [a0237] *
[18872] ** Processing ECG Segment 0 (1 / 4) **
[18872] ** Processing ECG Segment 3 (4 / 4) **
[18872] ** Processing ECG Segment 0 (1 / 4) **
[18872] ** Processing ECG Segment 2 (3 / 4) **
[18872] ** Processing ECG Segment 1 (2 / 4) **
[18872] ** Processing ECG Segment 0 (1 / 4) **
[18872] ** Processing ECG Segment 2 (3 / 4) **
[18872] ** Processing ECG Segment 0 (1 / 3) **
[18872] ** Processing ECG Segment 1 (2 / 2) **
[18872] ** Processing ECG Segment 2 (3 / 4) **
[18872] ** Processing ECG Segment 3 (4 / 4) **
[18872] *** Processing Signal 284 (285 / 409) [a0285] ***
[18872] * Processing PCG [a0241] *
[18872] * Processing ECG [a0285] *
[18872] ** Processing ECG Segment 1 (2 / 4) **
[18872] ** Processing ECG Segment 1 (2 / 4) **
[18872] ** Processing ECG Segment 0 (1 / 4) **
[18872] * Processing PCG [a0245] *
[18872] ** Processing ECG Segment 0 (1 / 4) **
[18872] ** Processing ECG Segment 1 (2 / 4) **
[18872] ** Processing ECG Segment 3 (4 / 4) **
[18872] ** Processing ECG Segment 2 (3 / 4) **
[18872] ** Processing ECG Segment 1 (2 / 4) **
[18872] ** Processing ECG Segment 1 (2 / 2) **
[18872] ** Processing ECG Segment 0 (1 / 4) **
[18872] *** Processing Signal 288 (289 / 409) [a0289] ***
[18872] *** Processing Signal 185 (186 / 409) [a0186] ***
[18872] *** Processing Signal 193 (194 / 409) [a0194] ***
[18872] * Processing ECG [a0194] *
[18872] * Processing PCG [a0265] *
[18872] * Processing ECG [a0289] *
[18872] ** Processing ECG Segment 3 (4 / 4) **
[18872] * Processing ECG [a0186] *
[18872] ** Processing ECG Segment 1 (2 / 4) **
[18872] ** Processing ECG Segment 3 (4 / 4) **
[18872] ** Processing ECG Segment 0 (1 / 4) **
[18872] ** Processing ECG Segment 0 (1 / 4) **
[18872] ** Processing ECG Segment 1 (2 / 3) **
[18872] ** Processing ECG Segment 2 (3 / 4) **
[18872] ** Processing ECG Segment 2 (3 / 4) **
[18872] ** Processing ECG Segment 1 (2 / 4) **
[18872] ** Processing ECG Segment 0 (1 / 4) **
[18872] ** Processing ECG Segment 0 (1 / 3) **
[18872] * Processing PCG [a0249] *
[18872] ** Processing ECG Segment 0 (1 / 3) **
[18872] *** Processing Signal 292 (293 / 409) [a0293] ***
[18872] ** Processing ECG Segment 2 (3 / 4) **
[18872] * Processing ECG [a0293] *
[18872] ** Processing ECG Segment 1 (2 / 4) **
[18872] * Processing PCG [a0253] *
[18872] ** Processing ECG Segment 1 (2 / 4) **
[18872] ** Processing ECG Segment 1 (2 / 4) **
[18872] ** Processing ECG Segment 1 (2 / 4) **
[18872] ** Processing ECG Segment 3 (4 / 4) **
[18872] *** Processing Signal 174 (175 / 409) [a0175] ***
[18872] ** Processing ECG Segment 3 (4 / 4) **
[18872] ** Processing ECG Segment 2 (3 / 4) **
[18872] ** Processing ECG Segment 2 (3 / 4) **
[18872] ** Processing ECG Segment 1 (2 / 3) **
[18872] *** Processing Signal 296 (297 / 409) [a0297] ***
[18872] * Processing ECG [a0175] *
[18872] ** Processing ECG Segment 1 (2 / 3) **
[18872] * Processing ECG [a0297] *
[18872] ** Processing ECG Segment 2 (3 / 4) **
[18872] ** Processing ECG Segment 2 (3 / 3) **
[18872] ** Processing ECG Segment 1 (2 / 4) **
[18872] *** Processing Signal 300 (301 / 409) [a0301] ***
[18872] ** Processing ECG Segment 0 (1 / 2) **
[18872] * Processing ECG [a0301] *
[18872] ** Processing ECG Segment 2 (3 / 4) **
[18872] * Processing PCG [a0257] *
[18872] ** Processing ECG Segment 0 (1 / 4) **
[18872] ** Processing ECG Segment 3 (4 / 4) **
[18872] * Processing PCG [a0261] *
[18872] ** Processing ECG Segment 2 (3 / 3) **
[18872] ** Processing ECG Segment 2 (3 / 4) **
[18872] ** Processing ECG Segment 2 (3 / 3) **
[18872] ** Processing ECG Segment 0 (1 / 3) **
[18872] *** Processing Signal 304 (305 / 409) [a0305] ***
[18872] ** Processing ECG Segment 0 (1 / 4) **
[18872] ** Processing ECG Segment 2 (3 / 4) **
[18872] ** Processing ECG Segment 2 (3 / 4) **
[18872] * Processing ECG [a0305] *
[18872] ** Processing ECG Segment 0 (1 / 4) **
[18872] ** Processing ECG Segment 3 (4 / 4) **
[18872] ** Processing ECG Segment 0 (1 / 2) **
[18872] ** Processing ECG Segment 1 (2 / 2) **
[18872] ** Processing ECG Segment 1 (2 / 4) **
[18872] * Processing PCG [a0277] *
[18872] ** Processing ECG Segment 1 (2 / 3) **
[18872] * Processing PCG [a0269] *
[18872] ** Processing ECG Segment 3 (4 / 4) **
[18872] ** Processing ECG Segment 3 (4 / 4) **
[18872] *** Processing Signal 308 (309 / 409) [a0309] ***
[18872] * Processing PCG [a0281] *
[18872] *** Processing Signal 229 (230 / 409) [a0230] ***
[18872] ** Processing ECG Segment 2 (3 / 4) **
[18872] ** Processing ECG Segment 0 (1 / 4) **
[18872] * Processing ECG [a0309] *
[18872] ** Processing ECG Segment 0 (1 / 3) **
[18872] * Processing ECG [a0230] *
[18872] * Processing PCG [a0273] *
[18872] *** Processing Signal 312 (313 / 409) [a0313] ***
[18872] ** Processing ECG Segment 0 (1 / 4) **
[18872] *** Processing Signal 316 (317 / 409) [a0317] ***
[18872] ** Processing ECG Segment 2 (3 / 4) **
[18872] * Processing ECG [a0313] *
[18872] ** Processing ECG Segment 2 (3 / 3) **
[18872] ** Processing ECG Segment 3 (4 / 4) **
[18872] ** Processing ECG Segment 1 (2 / 4) **
[18872] ** Processing ECG Segment 1 (2 / 2) **
[18872] ** Processing ECG Segment 1 (2 / 4) **
[18872] ** Processing ECG Segment 3 (4 / 4) **
[18872] * Processing ECG [a0317] *
[18872] * Processing PCG [a0206] *
[18872] ** Processing ECG Segment 0 (1 / 3) **
[18872] ** Processing ECG Segment 1 (2 / 4) **
[18872] ** Processing ECG Segment 0 (1 / 4) **
[18872] ** Processing ECG Segment 1 (2 / 3) **
[18872] ** Processing ECG Segment 0 (1 / 3) **
[18872] ** Processing ECG Segment 0 (1 / 4) **
[18872] ** Processing ECG Segment 0 (1 / 4) **
[18872] ** Processing ECG Segment 3 (4 / 4) **
[18872] *** Processing Signal 320 (321 / 409) [a0321] ***
[18872] * Processing PCG [a0289] *
[18872] * Processing ECG [a0321] *
[18872] ** Processing ECG Segment 3 (4 / 4) **
[18872] ** Processing ECG Segment 1 (2 / 3) **
[18872] ** Processing ECG Segment 2 (3 / 3) **
[18872] *** Processing Signal 324 (325 / 409) [a0325] ***
[18872] ** Processing ECG Segment 0 (1 / 4) **
[18872] ** Processing ECG Segment 1 (2 / 4) **
[18872] ** Processing ECG Segment 1 (2 / 4) **
[18872] ** Processing ECG Segment 1 (2 / 3) **
[18872] * Processing ECG [a0325] *
[18872] ** Processing ECG Segment 2 (3 / 4) **
[18872] *** Processing Signal 265 (266 / 409) [a0266] ***
[18872] ** Processing ECG Segment 0 (1 / 4) **
[18872] * Processing ECG [a0266] *
[18872] ** Processing ECG Segment 1 (2 / 4) **
[18872] *** Processing Signal 221 (222 / 409) [a0222] ***
[18872] * Processing PCG [a0285] *
[18872] ** Processing ECG Segment 2 (3 / 4) **
[18872] * Processing ECG [a0222] *
[18872] ** Processing ECG Segment 0 (1 / 3) **
[18872] ** Processing ECG Segment 2 (3 / 3) **
[18872] ** Processing ECG Segment 1 (2 / 4) **
[18872] * Processing PCG [a0293] *
[18872] ** Processing ECG Segment 2 (3 / 4) **
[18872] *** Processing Signal 328 (329 / 409) [a0329] ***
[18872] ** Processing ECG Segment 1 (2 / 4) **
[18872] * Processing ECG [a0329] *
[18872] *** Processing Signal 225 (226 / 409) [a0226] ***
[18872] ** Processing ECG Segment 0 (1 / 3) **
[18872] ** Processing ECG Segment 0 (1 / 3) **
[18872] ** Processing ECG Segment 0 (1 / 4) **
[18872] ** Processing ECG Segment 3 (4 / 4) **
[18872] ** Processing ECG Segment 0 (1 / 4) **
[18872] *** Processing Signal 332 (333 / 409) [a0333] ***
[18872] ** Processing ECG Segment 1 (2 / 3) **
[18872] ** Processing ECG Segment 2 (3 / 4) **
[18872] ** Processing ECG Segment 1 (2 / 4) **
[18872] ** Processing ECG Segment 0 (1 / 4) **
[18872] ** Processing ECG Segment 0 (1 / 4) **
[18872] * Processing PCG [a0301] *
[18872] * Processing ECG [a0333] *
[18872] ** Processing ECG Segment 2 (3 / 4) **
[18872] ** Processing ECG Segment 3 (4 / 4) **
[18872] ** Processing ECG Segment 0 (1 / 4) **
[18872] ** Processing ECG Segment 2 (3 / 4) **
[18872] ** Processing ECG Segment 3 (4 / 4) **
[18872] *** Processing Signal 336 (337 / 409) [a0337] ***
[18872] ** Processing ECG Segment 2 (3 / 4) **
[18872] * Processing ECG [a0337] *
[18872] ** Processing ECG Segment 2 (3 / 3) **
[18872] ** Processing ECG Segment 0 (1 / 3) **
[18872] ** Processing ECG Segment 0 (1 / 4) **
[18872] ** Processing ECG Segment 1 (2 / 4) **
[18872] ** Processing ECG Segment 1 (2 / 4) **
[18872] ** Processing ECG Segment 1 (2 / 3) **
[18872] * Processing PCG [a0297] *
[18872] ** Processing ECG Segment 1 (2 / 4) **
[18872] ** Processing ECG Segment 1 (2 / 3) **
[18872] *** Processing Signal 340 (341 / 409) [a0341] ***
[18872] ** Processing ECG Segment 1 (2 / 4) **
[18872] * Processing ECG [a0341] *
[18872] ** Processing ECG Segment 1 (2 / 4) **
[18872] ** Processing ECG Segment 0 (1 / 4) **
[18872] ** Processing ECG Segment 3 (4 / 4) **
[18872] ** Processing ECG Segment 0 (1 / 4) **
[18872] ** Processing ECG Segment 3 (4 / 4) **
[18872] ** Processing ECG Segment 3 (4 / 4) **
[18872] ** Processing ECG Segment 2 (3 / 4) **
[18872] ** Processing ECG Segment 2 (3 / 4) **
[18872] *** Processing Signal 344 (345 / 409) [a0345] ***
[18872] ** Processing ECG Segment 1 (2 / 3) **
[18872] * Processing PCG [a0309] *
[18872] ** Processing ECG Segment 0 (1 / 3) **
[18872] ** Processing ECG Segment 0 (1 / 3) **
[18872] ** Processing ECG Segment 2 (3 / 4) **
[18872] ** Processing ECG Segment 0 (1 / 4) **
[18872] * Processing ECG [a0345] *
[18872] ** Processing ECG Segment 0 (1 / 4) **
[18872] ** Processing ECG Segment 2 (3 / 4) **
[18872] ** Processing ECG Segment 1 (2 / 4) **
[18872] *** Processing Signal 348 (349 / 409) [a0349] ***
[18872] ** Processing ECG Segment 1 (2 / 4) **
[18872] * Processing ECG [a0349] *
[18872] ** Processing ECG Segment 3 (4 / 4) **
[18872] *** Processing Signal 352 (353 / 409) [a0353] ***
[18872] ** Processing ECG Segment 2 (3 / 3) **
[18872] * Processing ECG [a0353] *
[18872] ** Processing ECG Segment 2 (3 / 3) **
[18872] ** Processing ECG Segment 1 (2 / 4) **
[18872] ** Processing ECG Segment 2 (3 / 3) **
[18872] ** Processing ECG Segment 1 (2 / 3) **
[18872] ** Processing ECG Segment 2 (3 / 4) **
[18872] ** Processing ECG Segment 1 (2 / 4) **
[18872] *** Processing Signal 356 (357 / 409) [a0357] ***
[18872] ** Processing ECG Segment 3 (4 / 4) **
[18872] ** Processing ECG Segment 1 (2 / 4) **
[18872] ** Processing ECG Segment 2 (3 / 4) **
[18872] ** Processing ECG Segment 3 (4 / 4) **
[18872] * Processing ECG [a0357] *
[18872] ** Processing ECG Segment 3 (4 / 4) **
[18872] *** Processing Signal 241 (242 / 409) [a0242] ***
[18872] ** Processing ECG Segment 2 (3 / 4) **
[18872] ** Processing ECG Segment 0 (1 / 3) **
[18872] ** Processing ECG Segment 0 (1 / 4) **
[18872] ** Processing ECG Segment 0 (1 / 4) **
[18872] ** Processing ECG Segment 0 (1 / 3) **
[18872] * Processing PCG [a0321] *
[18872] * Processing PCG [a0313] *
[18872] ** Processing ECG Segment 1 (2 / 3) **
[18872] * Processing ECG [a0242] *
[18872] ** Processing ECG Segment 2 (3 / 4) **
[18872] ** Processing ECG Segment 0 (1 / 3) **
[18872] * Processing PCG [a0317] *
[18872] ** Processing ECG Segment 2 (3 / 4) **
[18872] * Processing PCG [a0230] *
[18872] ** Processing ECG Segment 2 (3 / 4) **
[18872] *** Processing Signal 360 (361 / 409) [a0361] ***
[18872] * Processing ECG [a0361] *
[18872] ** Processing ECG Segment 3 (4 / 4) **
[18872] ** Processing ECG Segment 1 (2 / 3) **
[18872] ** Processing ECG Segment 3 (4 / 4) **
[18872] ** Processing ECG Segment 0 (1 / 4) **
[18872] ** Processing ECG Segment 2 (3 / 4) **
[18872] *** Processing Signal 281 (282 / 409) [a0282] ***
[18872] *** Processing Signal 277 (278 / 409) [a0278] ***
[18872] ** Processing ECG Segment 3 (4 / 4) **
[18872] ** Processing ECG Segment 1 (2 / 4) **
[18872] * Processing ECG [a0282] *
[18872] ** Processing ECG Segment 3 (4 / 4) **
[18872] * Processing ECG [a0278] *
[18872] ** Processing ECG Segment 0 (1 / 4) **
[18872] ** Processing ECG Segment 0 (1 / 3) **
[18872] ** Processing ECG Segment 1 (2 / 4) **
[18872] ** Processing ECG Segment 1 (2 / 3) **
[18872] *** Processing Signal 253 (254 / 409) [a0254] ***
[18872] *** Processing Signal 364 (365 / 409) [a0365] ***
[18872] ** Processing ECG Segment 2 (3 / 3) **
[18872] ** Processing ECG Segment 3 (4 / 4) **
[18872] * Processing ECG [a0254] *
[18872] ** Processing ECG Segment 2 (3 / 3) **
[18872] ** Processing ECG Segment 1 (2 / 4) **
[18872] * Processing ECG [a0365] *
[18872] * Processing PCG [a0325] *
[18872] ** Processing ECG Segment 1 (2 / 3) **
[18872] ** Processing ECG Segment 0 (1 / 4) **
[18872] ** Processing ECG Segment 2 (3 / 4) **
[18872] ** Processing ECG Segment 0 (1 / 3) **
[18872] ** Processing ECG Segment 1 (2 / 4) **
[18872] * Processing PCG [a0329] *
[18872] ** Processing ECG Segment 1 (2 / 3) **
[18872] ** Processing ECG Segment 3 (4 / 4) **
[18872] ** Processing ECG Segment 0 (1 / 3) **
[18872] ** Processing ECG Segment 3 (4 / 4) **
[18872] *** Processing Signal 261 (262 / 409) [a0262] ***
[18872] * Processing PCG [a0337] *
[18872] * Processing PCG [a0266] *
[18872] *** Processing Signal 368 (369 / 409) [a0369] ***
[18872] ** Processing ECG Segment 0 (1 / 4) **
[18872] * Processing ECG [a0262] *
[18872] ** Processing ECG Segment 2 (3 / 4) **
[18872] * Processing ECG [a0369] *
[18872] ** Processing ECG Segment 1 (2 / 4) **
[18872] ** Processing ECG Segment 3 (4 / 4) **
[18872] ** Processing ECG Segment 2 (3 / 3) **
[18872] ** Processing ECG Segment 2 (3 / 4) **
[18872] ** Processing ECG Segment 2 (3 / 4) **
[18872] ** Processing ECG Segment 2 (3 / 3) **
[18872] ** Processing ECG Segment 1 (2 / 3) **
[18872] ** Processing ECG Segment 0 (1 / 4) **
[18872] *** Processing Signal 372 (373 / 409) [a0373] ***
[18872] ** Processing ECG Segment 2 (3 / 3) **
[18872] * Processing ECG [a0373] *
[18872] *** Processing Signal 376 (377 / 409) [a0377] ***
[18872] ** Processing ECG Segment 0 (1 / 3) **
[18872] * Processing ECG [a0377] *
[18872] ** Processing ECG Segment 2 (3 / 4) **
[18872] ** Processing ECG Segment 3 (4 / 4) **
[18872] ** Processing ECG Segment 1 (2 / 3) **
[18872] ** Processing ECG Segment 2 (3 / 3) **
[18872] * Processing PCG [a0333] *
[18872] ** Processing ECG Segment 3 (4 / 4) **
[18872] ** Processing ECG Segment 1 (2 / 4) **
[18872] ** Processing ECG Segment 1 (2 / 4) **
[18872] ** Processing ECG Segment 0 (1 / 3) **
[18872] ** Processing ECG Segment 0 (1 / 3) **
[18872] ** Processing ECG Segment 1 (2 / 3) **
[18872] *** Processing Signal 273 (274 / 409) [a0274] ***
[18872] ** Processing ECG Segment 0 (1 / 4) **
[18872] *** Processing Signal 380 (381 / 409) [a0381] ***
[18872] ** Processing ECG Segment 0 (1 / 4) **
[18872] ** Processing ECG Segment 3 (4 / 4) **
[18872] ** Processing ECG Segment 0 (1 / 3) **
[18872] * Processing ECG [a0381] *
[18872] ** Processing ECG Segment 3 (4 / 4) **
[18872] * Processing PCG [a0341] *
[18872] *** Processing Signal 384 (385 / 409) [a0385] ***
[18872] * Processing ECG [a0385] *
[18872] ** Processing ECG Segment 0 (1 / 4) **
[18872] ** Processing ECG Segment 0 (1 / 2) **
[18872] *** Processing Signal 293 (294 / 409) [a0294] ***
[18872] * Processing PCG [a0357] *
[18872] * Processing ECG [a0294] *
[18872] ** Processing ECG Segment 2 (3 / 3) **
[18872] *** Processing Signal 301 (302 / 409) [a0302] ***
[18872] ** Processing ECG Segment 1 (2 / 3) **
[18872] * Processing PCG [a0345] *
[18872] ** Processing ECG Segment 1 (2 / 4) **
[18872] * Processing ECG [a0302] *
[18872] ** Processing ECG Segment 2 (3 / 4) **
[18872] ** Processing ECG Segment 1 (2 / 4) **
[18872] ** Processing ECG Segment 2 (3 / 3) **
[18872] * Processing PCG [a0349] *
[18872] ** Processing ECG Segment 1 (2 / 2) **
[18872] *** Processing Signal 388 (389 / 409) [a0389] ***
[18872] ** Processing ECG Segment 2 (3 / 4) **
[18872] ** Processing ECG Segment 0 (1 / 4) **
[18872] ** Processing ECG Segment 1 (2 / 3) **
[18872] ** Processing ECG Segment 1 (2 / 3) **
[18872] *** Processing Signal 392 (393 / 409) [a0393] ***
[18872] * Processing ECG [a0393] *
[18872] ** Processing ECG Segment 2 (3 / 3) **
[18872] ** Processing ECG Segment 0 (1 / 4) **
[18872] *** Processing Signal 396 (397 / 409) [a0397] ***
[18872] * Processing ECG [a0397] *
[18872] ** Processing ECG Segment 0 (1 / 3) **
[18872] * Processing PCG [a0361] *
[18872] ** Processing ECG Segment 1 (2 / 4) **
[18872] ** Processing ECG Segment 2 (3 / 4) **
[18872] *** Processing Signal 285 (286 / 409) [a0286] ***
[18872] ** Processing ECG Segment 2 (3 / 4) **
[18872] * Processing ECG [a0286] *
[18872] ** Processing ECG Segment 0 (1 / 2) **
[18872] ** Processing ECG Segment 0 (1 / 4) **
[18872] * Processing PCG [a0369] *
[18872] ** Processing ECG Segment 0 (1 / 4) **
[18872] ** Processing ECG Segment 2 (3 / 3) **
[18872] ** Processing ECG Segment 0 (1 / 3) **
[18872] *** Processing Signal 309 (310 / 409) [a0310] ***
[18872] ** Processing ECG Segment 1 (2 / 4) **
[18872] * Processing PCG [a0365] *
[18872] * Processing ECG [a0310] *
[18872] ** Processing ECG Segment 0 (1 / 4) **
[18872] ** Processing ECG Segment 1 (2 / 3) **
[18872] *** Processing Signal 400 (401 / 409) [a0401] ***
[18872] * Processing ECG [a0401] *
[18872] ** Processing ECG Segment 1 (2 / 2) **
[18872] ** Processing ECG Segment 1 (2 / 4) **
[18872] ** Processing ECG Segment 3 (4 / 4) **
[18872] ** Processing ECG Segment 2 (3 / 3) **
[18872] ** Processing ECG Segment 3 (4 / 4) **
[18872] ** Processing ECG Segment 3 (4 / 4) **
[18872] ** Processing ECG Segment 0 (1 / 4) **
[18872] ** Processing ECG Segment 1 (2 / 4) **
[18872] ** Processing ECG Segment 2 (3 / 3) **
[18872] ** Processing ECG Segment 2 (3 / 4) **
[18872] *** Processing Signal 404 (405 / 409) [a0405] ***
[18872] * Processing ECG [a0405] *
[18872] * Processing PCG [a0385] *
[18872] *** Processing Signal 408 (409 / 409) [a0409] ***
[18872] ** Processing ECG Segment 1 (2 / 4) **
[18872] * Processing ECG [a0409] *
[18872] ** Processing ECG Segment 1 (2 / 3) **
[18872] ** Processing ECG Segment 2 (3 / 4) **
[18872] ** Processing ECG Segment 0 (1 / 4) **
[18872] ** Processing ECG Segment 0 (1 / 3) **
[18872] ** Processing ECG Segment 1 (2 / 4) **
[18872] ** Processing ECG Segment 0 (1 / 4) **
[18872] ** Processing ECG Segment 0 (1 / 4) **
[18872] ** Processing ECG Segment 1 (2 / 4) **
[18872] * Processing PCG [a0278] *
[18872] * Processing PCG [a0373] *
[18872] ** Processing ECG Segment 0 (1 / 3) **
[18872] ** Processing ECG Segment 2 (3 / 4) **
[18872] *** Processing Signal 321 (322 / 409) [a0322] ***
[18872] ** Processing ECG Segment 2 (3 / 4) **
[18872] * Processing ECG [a0322] *
[18872] ** Processing ECG Segment 0 (1 / 4) **
[18872] ** Processing ECG Segment 0 (1 / 1) **
[18872] ** Processing ECG Segment 0 (1 / 2) **
[18872] ** Processing ECG Segment 3 (4 / 4) **
[18872] ** Processing ECG Segment 0 (1 / 4) **
[18872] ** Processing ECG Segment 1 (2 / 3) **
[18872] ** Processing ECG Segment 3 (4 / 4) **
[18872] ** Processing ECG Segment 1 (2 / 4) **
[18872] ** Processing ECG Segment 0 (1 / 3) **
[18872] ** Processing ECG Segment 0 (1 / 4) **
[18872] ** Processing ECG Segment 1 (2 / 4) **
[18872] ** Processing ECG Segment 0 (1 / 4) **
[18872] ** Processing ECG Segment 2 (3 / 3) **
[18872] ** Processing ECG Segment 1 (2 / 4) **
[18872] ** Processing ECG Segment 1 (2 / 4) **
[18872] ** Processing ECG Segment 2 (3 / 3) **
[18872] * Processing PCG [a0377] *
[18872] * Processing PCG [a0405] *
[18872] ** Processing ECG Segment 3 (4 / 4) **
[18872] ** Processing ECG Segment 2 (3 / 4) **
[18872] ** Processing ECG Segment 0 (1 / 4) **
[18872] ** Processing ECG Segment 2 (3 / 4) **
[18872] ** Processing ECG Segment 2 (3 / 4) **
[18872] ** Processing ECG Segment 0 (1 / 4) **
[18872] ** Processing ECG Segment 1 (2 / 3) **
[18872] ** Processing ECG Segment 2 (3 / 4) **
[18872] ** Processing ECG Segment 1 (2 / 2) **
[18872] ** Processing ECG Segment 1 (2 / 3) **
[18872] ** Processing ECG Segment 1 (2 / 4) **
[18872] ** Processing ECG Segment 3 (4 / 4) **
[18872] ** Processing ECG Segment 0 (1 / 2) **
[18872] ** Processing ECG Segment 1 (2 / 4) **
[18872] ** Processing ECG Segment 0 (1 / 3) **
[18872] ** Processing ECG Segment 2 (3 / 4) **
[18872] ** Processing ECG Segment 0 (1 / 3) **
[18872] * Processing PCG [a0397] *
[18872] * Processing PCG [a0381] *
[18872] ** Processing ECG Segment 0 (1 / 3) **
[18872] ** Processing ECG Segment 3 (4 / 4) **
[18872] ** Processing ECG Segment 1 (2 / 4) **
[18872] ** Processing ECG Segment 1 (2 / 4) **
[18872] ** Processing ECG Segment 3 (4 / 4) **
[18872] ** Processing ECG Segment 2 (3 / 3) **
[18872] ** Processing ECG Segment 2 (3 / 4) **
[18872] *** Processing Signal 337 (338 / 409) [a0338] ***
[18872] * Processing ECG [a0338] *
[18872] ** Processing ECG Segment 3 (4 / 4) **
[18872] ** Processing ECG Segment 3 (4 / 4) **
[18872] ** Processing ECG Segment 1 (2 / 4) **
[18872] ** Processing ECG Segment 3 (4 / 4) **
[18872] ** Processing ECG Segment 2 (3 / 3) **
[18872] ** Processing ECG Segment 1 (2 / 3) **
[18872] ** Processing ECG Segment 0 (1 / 1) **
[18872] ** Processing ECG Segment 0 (1 / 3) **
[18872] *** Processing Signal 369 (370 / 409) [a0370] ***
[18872] ** Processing ECG Segment 1 (2 / 2) **
[18872] * Processing PCG [a0294] *
[18872] ** Processing ECG Segment 2 (3 / 4) **
[18872] ** Processing ECG Segment 2 (3 / 4) **
[18872] * Processing ECG [a0370] *
[18872] * Processing PCG [a0302] *
[18872] ** Processing ECG Segment 1 (2 / 3) **
[18872] * Processing PCG [a0310] *
[18872] ** Processing ECG Segment 1 (2 / 3) **
[18872] ** Processing ECG Segment 0 (1 / 3) **
[18872] * Processing PCG [a0393] *
[18872] ** Processing ECG Segment 2 (3 / 4) **
[18872] ** Processing ECG Segment 2 (3 / 3) **
[18872] ** Processing ECG Segment 3 (4 / 4) **
[18872] ** Processing ECG Segment 1 (2 / 3) **
[18872] ** Processing ECG Segment 3 (4 / 4) **
[18872] *** Processing Signal 325 (326 / 409) [a0326] ***
[18872] *** Processing Signal 329 (330 / 409) [a0330] ***
[18872] * Processing ECG [a0326] *
[18872] * Processing ECG [a0330] *
[18872] ** Processing ECG Segment 2 (3 / 4) **
[18872] *** Processing Signal 357 (358 / 409) [a0358] ***
[18872] * Processing ECG [a0358] *
[18872] *** Processing Signal 405 (406 / 409) [a0406] ***
[18872] ** Processing ECG Segment 3 (4 / 4) **
[18872] *** Processing Signal 385 (386 / 409) [a0386] ***
[18872] * Processing ECG [a0406] *
[18872] * Processing ECG [a0386] *
[18872] ** Processing ECG Segment 2 (3 / 3) **
[18872] ** Processing ECG Segment 2 (3 / 3) **
[18872] ** Processing ECG Segment 2 (3 / 3) **
[18872] * Processing PCG [a0401] *
[18872] * Processing PCG [a0409] *
[18872] ** Processing ECG Segment 3 (4 / 4) **
[18872] ** Processing ECG Segment 1 (2 / 3) **
[18872] *** Processing Signal 333 (334 / 409) [a0334] ***
[18872] * Processing ECG [a0334] *
[18872] ** Processing ECG Segment 0 (1 / 4) **
[18872] ** Processing ECG Segment 3 (4 / 4) **
[18872] * Processing PCG [a0322] *
[18872] ** Processing ECG Segment 0 (1 / 4) **
[18872] ** Processing ECG Segment 0 (1 / 3) **
[18872] *** Processing Signal 341 (342 / 409) [a0342] ***
[18872] * Processing ECG [a0342] *
[18872] ** Processing ECG Segment 0 (1 / 2) **
[18872] *** Processing Signal 361 (362 / 409) [a0362] ***
[18872] *** Processing Signal 349 (350 / 409) [a0350] ***
[18872] *** Processing Signal 365 (366 / 409) [a0366] ***
[18872] * Processing ECG [a0362] *
[18872] * Processing ECG [a0350] *
[18872] ** Processing ECG Segment 0 (1 / 4) **
[18872] * Processing ECG [a0366] *
[18872] ** Processing ECG Segment 0 (1 / 4) **
[18872] ** Processing ECG Segment 2 (3 / 3) **
[18872] ** Processing ECG Segment 1 (2 / 4) **
[18872] ** Processing ECG Segment 1 (2 / 2) **
[18872] ** Processing ECG Segment 1 (2 / 3) **
[18872] ** Processing ECG Segment 1 (2 / 4) **
[18872] *** Processing Signal 345 (346 / 409) [a0346] ***
[18872] ** Processing ECG Segment 1 (2 / 4) **
[18872] * Processing ECG [a0346] *
[18872] ** Processing ECG Segment 0 (1 / 4) **
[18872] ** Processing ECG Segment 2 (3 / 4) **
[18872] ** Processing ECG Segment 0 (1 / 4) **
[18872] ** Processing ECG Segment 0 (1 / 3) **
[18872] ** Processing ECG Segment 1 (2 / 4) **
[18872] * Processing PCG [a0358] *
[18872] ** Processing ECG Segment 0 (1 / 4) **
[18872] ** Processing ECG Segment 0 (1 / 4) **
[18872] *** Processing Signal 373 (374 / 409) [a0374] ***
[18872] * Processing ECG [a0374] *
[18872] ** Processing ECG Segment 2 (3 / 4) **
[18872] ** Processing ECG Segment 0 (1 / 4) **
[18872] ** Processing ECG Segment 0 (1 / 4) **
[18872] ** Processing ECG Segment 1 (2 / 4) **
[18872] ** Processing ECG Segment 0 (1 / 3) **
[18872] ** Processing ECG Segment 1 (2 / 4) **
[18872] ** Processing ECG Segment 2 (3 / 3) **
[18872] ** Processing ECG Segment 3 (4 / 4) **
[18872] ** Processing ECG Segment 2 (3 / 4) **
[18872] ** Processing ECG Segment 1 (2 / 4) **
[18872] ** Processing ECG Segment 3 (4 / 4) **
[18872] ** Processing ECG Segment 0 (1 / 3) **
[18872] ** Processing ECG Segment 0 (1 / 4) **
[18872] ** Processing ECG Segment 1 (2 / 4) **
[18872] ** Processing ECG Segment 1 (2 / 4) **
[18872] ** Processing ECG Segment 1 (2 / 3) **
[18872] ** Processing ECG Segment 2 (3 / 4) **
[18872] ** Processing ECG Segment 2 (3 / 4) **
[18872] ** Processing ECG Segment 2 (3 / 4) **
[18872] ** Processing ECG Segment 1 (2 / 4) **
[18872] ** Processing ECG Segment 0 (1 / 4) **
[18872] ** Processing ECG Segment 0 (1 / 4) **
[18872] * Processing PCG [a0338] *
[18872] ** Processing ECG Segment 0 (1 / 4) **
[18872] ** Processing ECG Segment 2 (3 / 4) **
[18872] *** Processing Signal 397 (398 / 409) [a0398] ***
[18872] * Processing ECG [a0398] *
[18872] ** Processing ECG Segment 1 (2 / 4) **
[18872] * Processing PCG [a0370] *
[18872] ** Processing ECG Segment 3 (4 / 4) **
[18872] ** Processing ECG Segment 2 (3 / 4) **
[18872] ** Processing ECG Segment 2 (3 / 4) **
[18872] ** Processing ECG Segment 2 (3 / 3) **
[18872] ** Processing ECG Segment 3 (4 / 4) **
[18872] ** Processing ECG Segment 3 (4 / 4) **
[18872] ** Processing ECG Segment 1 (2 / 4) **
[18872] ** Processing ECG Segment 1 (2 / 3) **
[18872] ** Processing ECG Segment 1 (2 / 4) **
[18872] ** Processing ECG Segment 3 (4 / 4) **
[18872] ** Processing ECG Segment 3 (4 / 4) **
[18872] ** Processing ECG Segment 2 (3 / 4) **
[18872] ** Processing ECG Segment 0 (1 / 4) **
[18872] ** Processing ECG Segment 0 (1 / 2) **
[18872] ** Processing ECG Segment 2 (3 / 4) **
[18872] ** Processing ECG Segment 3 (4 / 4) **
[18872] ** Processing ECG Segment 3 (4 / 4) **
[18872] * Processing PCG [a0342] *
[18872] ** Processing ECG Segment 1 (2 / 4) **
[18872] * Processing PCG [a0326] *
[18872] ** Processing ECG Segment 2 (3 / 4) **
[18872] ** Processing ECG Segment 2 (3 / 4) **
[18872] *** Processing Signal 377 (378 / 409) [a0378] ***
[18872] ** Processing ECG Segment 0 (1 / 4) **
[18872] * Processing ECG [a0378] *
[18872] ** Processing ECG Segment 3 (4 / 4) **
[18872] * Processing PCG [a0406] *
[18872] ** Processing ECG Segment 1 (2 / 4) **
[18872] * Processing PCG [a0386] *
[18872] ** Processing ECG Segment 2 (3 / 3) **
[18872] * Processing PCG [a0334] *
[18872] *** Processing Signal 381 (382 / 409) [a0382] ***
[18872] ** Processing ECG Segment 1 (2 / 2) **
[18872] * Processing ECG [a0382] *
[18872] ** Processing ECG Segment 1 (2 / 4) **
[18872] ** Processing ECG Segment 3 (4 / 4) **
[18872] * Processing PCG [a0350] *
[18872] ** Processing ECG Segment 3 (4 / 4) **
[18872] ** Processing ECG Segment 2 (3 / 4) **
[18872] ** Processing ECG Segment 3 (4 / 4) **
[18872] ** Processing ECG Segment 2 (3 / 4) **
[18872] ** Processing ECG Segment 0 (1 / 4) **
[18872] ** Processing ECG Segment 2 (3 / 4) **
[18872] * Processing PCG [a0362] *
[18872] ** Processing ECG Segment 1 (2 / 4) **
[18872] ** Processing ECG Segment 3 (4 / 4) **
[18872] *** Processing Signal 358 (359 / 409) [a0359] ***
[18872] * Processing PCG [a0366] *
[18872] * Processing ECG [a0359] *
[18872] ** Processing ECG Segment 3 (4 / 4) **
[18872] ** Processing ECG Segment 0 (1 / 2) **
[18872] ** Processing ECG Segment 3 (4 / 4) **
[18872] *** Processing Signal 393 (394 / 409) [a0394] ***
[18872] * Processing ECG [a0394] *
[18872] ** Processing ECG Segment 2 (3 / 4) **
[18872] * Processing PCG [a0346] *
[18872] ** Processing ECG Segment 0 (1 / 4) **
[18872] ** Processing ECG Segment 0 (1 / 4) **
[18872] ** Processing ECG Segment 1 (2 / 2) **
[18872] * Processing PCG [a0374] *
[18872] ** Processing ECG Segment 3 (4 / 4) **
[18872] ** Processing ECG Segment 1 (2 / 4) **
[18872] ** Processing ECG Segment 0 (1 / 3) **
[18872] *** Processing Signal 401 (402 / 409) [a0402] ***
[18872] * Processing ECG [a0402] *
[18872] * Processing PCG [a0382] *
[18872] * Processing PCG [a0398] *
[18872] ** Processing ECG Segment 2 (3 / 4) **
[18872] ** Processing ECG Segment 1 (2 / 4) **
[18872] ** Processing ECG Segment 0 (1 / 3) **
[18872] ** Processing ECG Segment 0 (1 / 4) **
[18872] ** Processing ECG Segment 0 (1 / 3) **
[18872] ** Processing ECG Segment 1 (2 / 3) **
[18872] ** Processing ECG Segment 3 (4 / 4) **
[18872] ** Processing ECG Segment 0 (1 / 4) **
[18872] ** Processing ECG Segment 1 (2 / 3) **
[18872] ** Processing ECG Segment 0 (1 / 4) **
[18872] ** Processing ECG Segment 1 (2 / 3) **
[18872] ** Processing ECG Segment 2 (3 / 4) **
[18872] ** Processing ECG Segment 2 (3 / 3) **
[18872] * Processing PCG [a0378] *
[18872] ** Processing ECG Segment 1 (2 / 4) **
[18872] ** Processing ECG Segment 2 (3 / 3) **
[18872] ** Processing ECG Segment 2 (3 / 3) **
[18872] ** Processing ECG Segment 1 (2 / 4) **
[18872] ** Processing ECG Segment 0 (1 / 2) **
[18872] ** Processing ECG Segment 0 (1 / 4) **
[18872] * Processing PCG [a0359] *
[18872] ** Processing ECG Segment 1 (2 / 4) **
[18872] ** Processing ECG Segment 0 (1 / 4) **
[18872] * Processing PCG [a0394] *
[18872] ** Processing ECG Segment 3 (4 / 4) **
[18872] ** Processing ECG Segment 0 (1 / 4) **
[18872] ** Processing ECG Segment 2 (3 / 4) **
[18872] ** Processing ECG Segment 0 (1 / 4) **
[18872] ** Processing ECG Segment 1 (2 / 2) **
[18872] ** Processing ECG Segment 1 (2 / 4) **
[18872] *** Processing Signal 342 (343 / 409) [a0343] ***
[18872] ** Processing ECG Segment 2 (3 / 4) **
[18872] * Processing ECG [a0343] *
[18872] ** Processing ECG Segment 1 (2 / 4) **
[18872] ** Processing ECG Segment 1 (2 / 4) **
[18872] *** Processing Signal 370 (371 / 409) [a0371] ***
[18872] ** Processing ECG Segment 2 (3 / 4) **
[18872] * Processing ECG [a0371] *
[18872] ** Processing ECG Segment 3 (4 / 4) **
[18872] ** Processing ECG Segment 0 (1 / 4) **
[18872] *** Processing Signal 382 (383 / 409) [a0383] ***
[18872] ** Processing ECG Segment 1 (2 / 4) **
[18872] * Processing ECG [a0383] *
[18872] ** Processing ECG Segment 3 (4 / 4) **
[18872] ** Processing ECG Segment 2 (3 / 4) **
[18872] ** Processing ECG Segment 3 (4 / 4) **
[18872] ** Processing ECG Segment 2 (3 / 4) **
[18872] ** Processing ECG Segment 0 (1 / 4) **
[18872] *** Processing Signal 406 (407 / 409) [a0407] ***
[18872] ** Processing ECG Segment 0 (1 / 3) **
[18872] * Processing ECG [a0407] *
[18872] * Processing PCG [a0402] *
[18872] ** Processing ECG Segment 2 (3 / 4) **
[18872] ** Processing ECG Segment 1 (2 / 4) **
[18872] ** Processing ECG Segment 0 (1 / 2) **
[18872] ** Processing ECG Segment 0 (1 / 3) **
[18872] ** Processing ECG Segment 3 (4 / 4) **
[18872] *** Processing Signal 386 (387 / 409) [a0387] ***
[18872] ** Processing ECG Segment 0 (1 / 2) **
[18872] * Processing ECG [a0387] *
[18872] ** Processing ECG Segment 0 (1 / 4) **
[18872] ** Processing ECG Segment 1 (2 / 2) **
[18872] ** Processing ECG Segment 3 (4 / 4) **
[18872] ** Processing ECG Segment 1 (2 / 4) **
[18872] ** Processing ECG Segment 1 (2 / 3) **
[18872] ** Processing ECG Segment 1 (2 / 2) **
[18872] ** Processing ECG Segment 3 (4 / 4) **
[18872] ** Processing ECG Segment 2 (3 / 4) **
[18872] ** Processing ECG Segment 1 (2 / 4) **
[18872] ** Processing ECG Segment 1 (2 / 3) **
[18872] *** Processing Signal 366 (367 / 409) [a0367] ***
[18872] * Processing ECG [a0367] *
[18872] * Processing PCG [a0371] *
[18872] * Processing PCG [a0383] *
[18872] ** Processing ECG Segment 2 (3 / 4) **
[18872] *** Processing Signal 346 (347 / 409) [a0347] ***
[18872] ** Processing ECG Segment 2 (3 / 4) **
[18872] * Processing ECG [a0347] *
[18872] ** Processing ECG Segment 2 (3 / 3) **
[18872] *** Processing Signal 374 (375 / 409) [a0375] ***
[18872] * Processing ECG [a0375] *
[18872] ** Processing ECG Segment 0 (1 / 4) **
[18872] ** Processing ECG Segment 3 (4 / 4) **
[18872] ** Processing ECG Segment 2 (3 / 3) **
[18872] ** Processing ECG Segment 3 (4 / 4) **
[18872] ** Processing ECG Segment 0 (1 / 4) **
[18872] ** Processing ECG Segment 3 (4 / 4) **
[18872] ** Processing ECG Segment 1 (2 / 4) **
[18872] *** Processing Signal 394 (395 / 409) [a0395] ***
[18872] * Processing ECG [a0395] *
[18872] ** Processing ECG Segment 1 (2 / 4) **
[18872] ** Processing ECG Segment 0 (1 / 2) **
[18872] * Processing PCG [a0343] *
[18872] *** Processing Signal 398 (399 / 409) [a0399] ***
[18872] ** Processing ECG Segment 0 (1 / 2) **
[18872] ** Processing ECG Segment 0 (1 / 4) **
[18872] * Processing ECG [a0399] *
[18872] ** Processing ECG Segment 2 (3 / 4) **
[18872] ** Processing ECG Segment 0 (1 / 2) **
[18872] ** Processing ECG Segment 0 (1 / 4) **
[18872] *** Processing Signal 378 (379 / 409) [a0379] ***
[18872] * Processing ECG [a0379] *
[18872] ** Processing ECG Segment 2 (3 / 4) **
[18872] ** Processing ECG Segment 1 (2 / 2) **
[18872] ** Processing ECG Segment 0 (1 / 1) **
[18872] ** Processing ECG Segment 3 (4 / 4) **
[18872] ** Processing ECG Segment 0 (1 / 3) **
[18872] ** Processing ECG Segment 1 (2 / 4) **
[18872] ** Processing ECG Segment 1 (2 / 2) **
[18872] ** Processing ECG Segment 1 (2 / 4) **
[18872] ** Processing ECG Segment 3 (4 / 4) **
[18872] * Processing PCG [a0347] *
[18872] ** Processing ECG Segment 1 (2 / 2) **
[18872] * Processing PCG [a0395] *
[18872] * Processing PCG [a0407] *
[18872] ** Processing ECG Segment 1 (2 / 3) **
[18872] ** Processing ECG Segment 2 (3 / 4) **
[18872] * Processing PCG [a0387] *
[18872] *** Processing Signal 383 (384 / 409) [a0384] ***
[18872] * Processing ECG [a0384] *
[18872] ** Processing ECG Segment 2 (3 / 3) **
[18872] ** Processing ECG Segment 2 (3 / 4) **
[18872] ** Processing ECG Segment 3 (4 / 4) **
[18872] ** Processing ECG Segment 0 (1 / 4) **
[18872] *** Processing Signal 371 (372 / 409) [a0372] ***
[18872] ** Processing ECG Segment 0 (1 / 4) **
[18872] * Processing ECG [a0372] *
[18872] * Processing PCG [a0375] *
[18872] * Processing PCG [a0367] *
[18872] ** Processing ECG Segment 1 (2 / 4) **
[18872] ** Processing ECG Segment 1 (2 / 4) **
[18872] ** Processing ECG Segment 0 (1 / 1) **
[18872] ** Processing ECG Segment 3 (4 / 4) **
[18872] ** Processing ECG Segment 0 (1 / 2) **
[18872] ** Processing ECG Segment 2 (3 / 4) **
[18872] ** Processing ECG Segment 2 (3 / 4) **
[18872] ** Processing ECG Segment 0 (1 / 3) **
[18872] *** Processing Signal 395 (396 / 409) [a0396] ***
[18872] * Processing ECG [a0396] *
[18872] ** Processing ECG Segment 3 (4 / 4) **
[18872] ** Processing ECG Segment 3 (4 / 4) **
[18872] *** Processing Signal 402 (403 / 409) [a0403] ***
[18872] ** Processing ECG Segment 1 (2 / 2) **
[18872] * Processing ECG [a0403] *
[18872] ** Processing ECG Segment 1 (2 / 3) **
[18872] * Processing PCG [a0379] *
[18872] ** Processing ECG Segment 0 (1 / 4) **
[18872] * Processing PCG [a0399] *
[18872] ** Processing ECG Segment 2 (3 / 3) **
[18872] *** Processing Signal 347 (348 / 409) [a0348] ***
[18872] ** Processing ECG Segment 1 (2 / 4) **
[18872] ** Processing ECG Segment 0 (1 / 4) **
[18872] * Processing ECG [a0348] *
[18872] * Processing PCG [a0384] *
[18872] ** Processing ECG Segment 0 (1 / 3) **
[18872] ** Processing ECG Segment 2 (3 / 4) **
[18872] ** Processing ECG Segment 0 (1 / 4) **
[18872] ** Processing ECG Segment 0 (1 / 4) **
[18872] ** Processing ECG Segment 1 (2 / 4) **
[18872] ** Processing ECG Segment 0 (1 / 4) **
[18872] ** Processing ECG Segment 3 (4 / 4) **
[18872] ** Processing ECG Segment 1 (2 / 3) **
[18872] ** Processing ECG Segment 1 (2 / 4) **
[18872] ** Processing ECG Segment 1 (2 / 4) **
[18872] ** Processing ECG Segment 1 (2 / 4) **
[18872] * Processing PCG [a0372] *
[18872] ** Processing ECG Segment 2 (3 / 4) **
[18872] ** Processing ECG Segment 2 (3 / 4) **
[18872] ** Processing ECG Segment 0 (1 / 4) **
[18872] ** Processing ECG Segment 2 (3 / 4) **
[18872] ** Processing ECG Segment 2 (3 / 3) **
[18872] ** Processing ECG Segment 3 (4 / 4) **
[18872] ** Processing ECG Segment 2 (3 / 4) **
[18872] ** Processing ECG Segment 3 (4 / 4) **
[18872] ** Processing ECG Segment 0 (1 / 3) **
[18872] ** Processing ECG Segment 1 (2 / 4) **
[18872] ** Processing ECG Segment 0 (1 / 4) **
[18872] ** Processing ECG Segment 3 (4 / 4) **
[18872] *** Processing Signal 375 (376 / 409) [a0376] ***
[18872] * Processing PCG [a0396] *
[18872] * Processing ECG [a0376] *
[18872] * Processing PCG [a0403] *
[18872] ** Processing ECG Segment 2 (3 / 4) **
[18872] ** Processing ECG Segment 3 (4 / 4) **
[18872] ** Processing ECG Segment 1 (2 / 3) **
[18872] ** Processing ECG Segment 1 (2 / 4) **
[18872] *** Processing Signal 387 (388 / 409) [a0388] ***
[18872] * Processing ECG [a0388] *
[18872] ** Processing ECG Segment 3 (4 / 4) **
[18872] * Processing PCG [a0348] *
[18872] ** Processing ECG Segment 2 (3 / 3) **
[18872] *** Processing Signal 367 (368 / 409) [a0368] ***
[18872] ** Processing ECG Segment 2 (3 / 4) **
[18872] * Processing ECG [a0368] *
[18872] ** Processing ECG Segment 0 (1 / 4) **
[18872] ** Processing ECG Segment 0 (1 / 4) **
[18872] ** Processing ECG Segment 3 (4 / 4) **
[18872] ** Processing ECG Segment 1 (2 / 4) **
[18872] ** Processing ECG Segment 1 (2 / 4) **
[18872] ** Processing ECG Segment 0 (1 / 4) **
[18872] ** Processing ECG Segment 0 (1 / 4) **
[18872] ** Processing ECG Segment 2 (3 / 4) **
[18872] ** Processing ECG Segment 0 (1 / 4) **
[18872] ** Processing ECG Segment 0 (1 / 3) **
[18872] ** Processing ECG Segment 1 (2 / 4) **
[18872] *** Processing Signal 399 (400 / 409) [a0400] ***
[18872] * Processing ECG [a0400] *
[18872] ** Processing ECG Segment 2 (3 / 4) **
[18872] ** Processing ECG Segment 3 (4 / 4) **
[18872] ** Processing ECG Segment 1 (2 / 3) **
[18872] ** Processing ECG Segment 1 (2 / 4) **
[18872] ** Processing ECG Segment 2 (3 / 4) **
[18872] ** Processing ECG Segment 1 (2 / 4) **
[18872] * Processing PCG [a0376] *
[18872] ** Processing ECG Segment 2 (3 / 3) **
[18872] ** Processing ECG Segment 0 (1 / 2) **
[18872] ** Processing ECG Segment 3 (4 / 4) **
[18872] ** Processing ECG Segment 0 (1 / 4) **
[18872] ** Processing ECG Segment 3 (4 / 4) **
[18872] ** Processing ECG Segment 2 (3 / 4) **
[18872] * Processing PCG [a0368] *
[18872] ** Processing ECG Segment 1 (2 / 2) **
[18872] ** Processing ECG Segment 2 (3 / 4) **
[18872] * Processing PCG [a0388] *
[18872] ** Processing ECG Segment 1 (2 / 4) **
[18872] ** Processing ECG Segment 3 (4 / 4) **
[18872] * Processing PCG [a0400] *
[18872] ** Processing ECG Segment 3 (4 / 4) **
[18872] ** Processing ECG Segment 2 (3 / 4) **
[18872] *** Processing Signal 403 (404 / 409) [a0404] ***
[18872] * Processing ECG [a0404] *
[18872] ** Processing ECG Segment 0 (1 / 2) **
[18872] ** Processing ECG Segment 3 (4 / 4) **
[18872] ** Processing ECG Segment 0 (1 / 4) **
[18872] ** Processing ECG Segment 0 (1 / 3) **
[18872] ** Processing ECG Segment 1 (2 / 2) **
[18872] ** Processing ECG Segment 0 (1 / 4) **
[18872] ** Processing ECG Segment 1 (2 / 4) **
[18872] ** Processing ECG Segment 1 (2 / 3) **
[18872] ** Processing ECG Segment 0 (1 / 3) **
[18872] ** Processing ECG Segment 1 (2 / 4) **
[18872] ** Processing ECG Segment 2 (3 / 4) **
[18872] ** Processing ECG Segment 1 (2 / 3) **
[18872] ** Processing ECG Segment 2 (3 / 3) **
[18872] ** Processing ECG Segment 2 (3 / 3) **
[18872] ** Processing ECG Segment 2 (3 / 4) **
[18872] ** Processing ECG Segment 3 (4 / 4) **
[18872] * Processing PCG [a0404] *
[18872] ** Processing ECG Segment 3 (4 / 4) **
[18872] ** Processing ECG Segment 0 (1 / 3) **
[18872] ** Processing ECG Segment 1 (2 / 3) **
[18872] ** Processing ECG Segment 2 (3 / 3) **
